{"uid":"d0967af36028a673","name":"Удаление всех книг из профиля пользователя","fullName":"tests.api_UI.DeleteBookTest.deleteAllBooksFromUserProfile","historyId":"400b330916675307139d43e4bff18bb5","time":{"start":1751368162794,"stop":1751368172330,"duration":9536},"description":"","status":"failed","statusMessage":"Alert not found\nScreenshot: file:/home/runner/work/UI_API_java_demoQA/UI_API_java_demoQA/build/reports/tests/1751368172098.0.png\nPage source: file:/home/runner/work/UI_API_java_demoQA/UI_API_java_demoQA/build/reports/tests/1751368172098.0.html\nTimeout: 4 s.\nCaused by: TimeoutException: Expected condition failed: waiting for alert to be present (tried for 4 second(s) with 200 milliseconds interval)","statusTrace":"Alert not found\nScreenshot: file:/home/runner/work/UI_API_java_demoQA/UI_API_java_demoQA/build/reports/tests/1751368172098.0.png\nPage source: file:/home/runner/work/UI_API_java_demoQA/UI_API_java_demoQA/build/reports/tests/1751368172098.0.html\nTimeout: 4 s.\nCaused by: TimeoutException: Expected condition failed: waiting for alert to be present (tried for 4 second(s) with 200 milliseconds interval)\n\tat com.codeborne.selenide.SelenideTargetLocator.alertNotFoundError(SelenideTargetLocator.java:310)\n\tat com.codeborne.selenide.SelenideTargetLocator.alert(SelenideTargetLocator.java:185)\n\tat com.codeborne.selenide.SelenideTargetLocator.alert(SelenideTargetLocator.java:175)\n\tat pages.ProfilePage.deleteAllBooks(ProfilePage.java:46)\n\tat tests.api_UI.DeleteBookTest.deleteAllBooksFromUserProfile(DeleteBookTest.java:29)\n\tat java.base/java.lang.reflect.Method.invoke(Method.java:569)\n\tat java.base/java.util.ArrayList.forEach(ArrayList.java:1511)\n\tat java.base/java.util.ArrayList.forEach(ArrayList.java:1511)\nCaused by: org.openqa.selenium.TimeoutException: Expected condition failed: waiting for alert to be present (tried for 4 second(s) with 200 milliseconds interval)\nBuild info: version: '4.13.0', revision: 'ba948ece5b*'\nSystem info: os.name: 'Linux', os.arch: 'amd64', os.version: '6.11.0-1015-azure', java.version: '17.0.15'\nDriver info: driver.version: unknown\n\tat org.openqa.selenium.support.ui.FluentWait.timeoutException(FluentWait.java:262)\n\tat org.openqa.selenium.support.ui.FluentWait.until(FluentWait.java:230)\n\tat com.codeborne.selenide.SelenideTargetLocator.alert(SelenideTargetLocator.java:182)\n\t... 6 more\n","flaky":false,"newFailed":false,"newBroken":false,"newPassed":false,"retriesCount":0,"retriesStatusChange":false,"beforeStages":[{"name":"setup","time":{"start":1751368162791,"stop":1751368162792,"duration":1},"status":"passed","steps":[],"attachments":[],"parameters":[],"shouldDisplayMessage":false,"stepsCount":0,"attachmentsCount":0,"hasContent":false,"attachmentStep":false}],"testStage":{"description":"","status":"failed","statusMessage":"Alert not found\nScreenshot: file:/home/runner/work/UI_API_java_demoQA/UI_API_java_demoQA/build/reports/tests/1751368172098.0.png\nPage source: file:/home/runner/work/UI_API_java_demoQA/UI_API_java_demoQA/build/reports/tests/1751368172098.0.html\nTimeout: 4 s.\nCaused by: TimeoutException: Expected condition failed: waiting for alert to be present (tried for 4 second(s) with 200 milliseconds interval)","statusTrace":"Alert not found\nScreenshot: file:/home/runner/work/UI_API_java_demoQA/UI_API_java_demoQA/build/reports/tests/1751368172098.0.png\nPage source: file:/home/runner/work/UI_API_java_demoQA/UI_API_java_demoQA/build/reports/tests/1751368172098.0.html\nTimeout: 4 s.\nCaused by: TimeoutException: Expected condition failed: waiting for alert to be present (tried for 4 second(s) with 200 milliseconds interval)\n\tat com.codeborne.selenide.SelenideTargetLocator.alertNotFoundError(SelenideTargetLocator.java:310)\n\tat com.codeborne.selenide.SelenideTargetLocator.alert(SelenideTargetLocator.java:185)\n\tat com.codeborne.selenide.SelenideTargetLocator.alert(SelenideTargetLocator.java:175)\n\tat pages.ProfilePage.deleteAllBooks(ProfilePage.java:46)\n\tat tests.api_UI.DeleteBookTest.deleteAllBooksFromUserProfile(DeleteBookTest.java:29)\n\tat java.base/java.lang.reflect.Method.invoke(Method.java:569)\n\tat java.base/java.util.ArrayList.forEach(ArrayList.java:1511)\n\tat java.base/java.util.ArrayList.forEach(ArrayList.java:1511)\nCaused by: org.openqa.selenium.TimeoutException: Expected condition failed: waiting for alert to be present (tried for 4 second(s) with 200 milliseconds interval)\nBuild info: version: '4.13.0', revision: 'ba948ece5b*'\nSystem info: os.name: 'Linux', os.arch: 'amd64', os.version: '6.11.0-1015-azure', java.version: '17.0.15'\nDriver info: driver.version: unknown\n\tat org.openqa.selenium.support.ui.FluentWait.timeoutException(FluentWait.java:262)\n\tat org.openqa.selenium.support.ui.FluentWait.until(FluentWait.java:230)\n\tat com.codeborne.selenide.SelenideTargetLocator.alert(SelenideTargetLocator.java:182)\n\t... 6 more\n","steps":[{"name":"Авторизация через API дефолтным пользователем","time":{"start":1751368162795,"stop":1751368163456,"duration":661},"status":"passed","steps":[{"name":"Авторизация через API","time":{"start":1751368162795,"stop":1751368163456,"duration":661},"status":"passed","steps":[],"attachments":[{"uid":"eb5deeaad2ea18b3","name":"Request","source":"eb5deeaad2ea18b3.html","type":"text/html","size":1860},{"uid":"7ba739e7f3b634b5","name":"HTTP/1.1 200 OK","source":"7ba739e7f3b634b5.html","type":"text/html","size":2563}],"parameters":[{"name":"username","value":"test123456"},{"name":"password","value":"Test123456@"}],"shouldDisplayMessage":false,"stepsCount":0,"attachmentsCount":2,"hasContent":true,"attachmentStep":false}],"attachments":[],"parameters":[],"shouldDisplayMessage":false,"stepsCount":1,"attachmentsCount":2,"hasContent":true,"attachmentStep":false},{"name":"Установить авторизационные куки в браузер","time":{"start":1751368163456,"stop":1751368165554,"duration":2098},"status":"passed","steps":[],"attachments":[],"parameters":[{"name":"session","value":"UserSession[userId=862cbbea-c3e8-4a39-be64-3b053aedeef2, username=test123456, password=Test123456@, token=eyJhbGciOiJIUzI1NiIsInR5cCI6IkpXVCJ9.eyJ1c2VyTmFtZSI6InRlc3QxMjM0NTYiLCJwYXNzd29yZCI6IlRlc3QxMjM0NTZAIiwiaWF0IjoxNzUxMzY3OTMwfQ.VrIJzzv7Pf2gg0253l0VWQ4FFLyFY3obA5g6YIt8aTc, expires=2025-07-08T11:05:30.000Z, created_date=2023-10-08T17:09:26.000Z, isActive=false]"}],"shouldDisplayMessage":false,"stepsCount":0,"attachmentsCount":0,"hasContent":true,"attachmentStep":false},{"name":"Генерация случайных книг для подготовки теста","time":{"start":1751368165554,"stop":1751368166904,"duration":1350},"status":"passed","steps":[{"name":"Получение списка книг из магазина","time":{"start":1751368165554,"stop":1751368165966,"duration":412},"status":"passed","steps":[],"attachments":[{"uid":"80cd55ba1b3680f0","name":"Request","source":"80cd55ba1b3680f0.html","type":"text/html","size":1658},{"uid":"a05c6dbaf17173ac","name":"HTTP/1.1 200 OK","source":"a05c6dbaf17173ac.html","type":"text/html","size":7824}],"parameters":[],"shouldDisplayMessage":false,"stepsCount":0,"attachmentsCount":2,"hasContent":true,"attachmentStep":false},{"name":"Добавление 4 уникальных книг в профиль","time":{"start":1751368165967,"stop":1751368166904,"duration":937},"status":"passed","steps":[{"name":"Получение списка книг из магазина","time":{"start":1751368165967,"stop":1751368166377,"duration":410},"status":"passed","steps":[],"attachments":[{"uid":"2ba1b6303a231526","name":"Request","source":"2ba1b6303a231526.html","type":"text/html","size":1658},{"uid":"446d3aa05a3df3d3","name":"HTTP/1.1 200 OK","source":"446d3aa05a3df3d3.html","type":"text/html","size":7824}],"parameters":[],"shouldDisplayMessage":false,"stepsCount":0,"attachmentsCount":2,"hasContent":true,"attachmentStep":false}],"attachments":[{"uid":"8ab73118fb6a3322","name":"Request","source":"8ab73118fb6a3322.html","type":"text/html","size":2849},{"uid":"e66401e44bb0a4ad","name":"HTTP/1.1 201 Created","source":"e66401e44bb0a4ad.html","type":"text/html","size":2394}],"parameters":[{"name":"count","value":"4"}],"shouldDisplayMessage":false,"stepsCount":1,"attachmentsCount":4,"hasContent":true,"attachmentStep":false}],"attachments":[],"parameters":[{"name":"count","value":"-1"}],"shouldDisplayMessage":false,"stepsCount":3,"attachmentsCount":6,"hasContent":true,"attachmentStep":false},{"name":"Открытие страницы профиля пользователя","time":{"start":1751368166904,"stop":1751368167373,"duration":469},"status":"passed","steps":[],"attachments":[],"parameters":[],"shouldDisplayMessage":false,"stepsCount":0,"attachmentsCount":0,"hasContent":false,"attachmentStep":false},{"name":"Удаление книги","time":{"start":1751368167373,"stop":1751368172266,"duration":4893},"status":"failed","statusMessage":"Alert not found\nScreenshot: file:/home/runner/work/UI_API_java_demoQA/UI_API_java_demoQA/build/reports/tests/1751368172098.0.png\nPage source: file:/home/runner/work/UI_API_java_demoQA/UI_API_java_demoQA/build/reports/tests/1751368172098.0.html\nTimeout: 4 s.\nCaused by: TimeoutException: Expected condition failed: waiting for alert to be present (tried for 4 second(s) with 200 milliseconds interval)","statusTrace":"Alert not found\nScreenshot: file:/home/runner/work/UI_API_java_demoQA/UI_API_java_demoQA/build/reports/tests/1751368172098.0.png\nPage source: file:/home/runner/work/UI_API_java_demoQA/UI_API_java_demoQA/build/reports/tests/1751368172098.0.html\nTimeout: 4 s.\nCaused by: TimeoutException: Expected condition failed: waiting for alert to be present (tried for 4 second(s) with 200 milliseconds interval)\n\tat com.codeborne.selenide.SelenideTargetLocator.alertNotFoundError(SelenideTargetLocator.java:310)\n\tat com.codeborne.selenide.SelenideTargetLocator.alert(SelenideTargetLocator.java:185)\n\tat com.codeborne.selenide.SelenideTargetLocator.alert(SelenideTargetLocator.java:175)\n\tat pages.ProfilePage.deleteAllBooks(ProfilePage.java:46)\n\tat tests.api_UI.DeleteBookTest.deleteAllBooksFromUserProfile(DeleteBookTest.java:29)\n\tat java.base/jdk.internal.reflect.NativeMethodAccessorImpl.invoke0(Native Method)\n\tat java.base/jdk.internal.reflect.NativeMethodAccessorImpl.invoke(NativeMethodAccessorImpl.java:77)\n\tat java.base/jdk.internal.reflect.DelegatingMethodAccessorImpl.invoke(DelegatingMethodAccessorImpl.java:43)\n\tat java.base/java.lang.reflect.Method.invoke(Method.java:569)\n\tat org.junit.platform.commons.util.ReflectionUtils.invokeMethod(ReflectionUtils.java:728)\n\tat org.junit.jupiter.engine.execution.MethodInvocation.proceed(MethodInvocation.java:60)\n\tat org.junit.jupiter.engine.execution.InvocationInterceptorChain$ValidatingInvocation.proceed(InvocationInterceptorChain.java:131)\n\tat org.junit.jupiter.api.extension.InvocationInterceptor.interceptTestMethod(InvocationInterceptor.java:119)\n\tat org.junit.jupiter.engine.execution.InterceptingExecutableInvoker$ReflectiveInterceptorCall.lambda$ofVoidMethod$0(InterceptingExecutableInvoker.java:103)\n\tat org.junit.jupiter.engine.execution.InterceptingExecutableInvoker.lambda$invoke$0(InterceptingExecutableInvoker.java:93)\n\tat org.junit.jupiter.engine.execution.InvocationInterceptorChain$InterceptedInvocation.proceed(InvocationInterceptorChain.java:106)\n\tat org.junit.jupiter.engine.extension.TimeoutExtension.intercept(TimeoutExtension.java:156)\n\tat org.junit.jupiter.engine.extension.TimeoutExtension.interceptTestableMethod(TimeoutExtension.java:147)\n\tat org.junit.jupiter.engine.extension.TimeoutExtension.interceptTestMethod(TimeoutExtension.java:86)\n\tat org.junit.jupiter.engine.execution.InterceptingExecutableInvoker$ReflectiveInterceptorCall.lambda$ofVoidMethod$0(InterceptingExecutableInvoker.java:103)\n\tat org.junit.jupiter.engine.execution.InterceptingExecutableInvoker.lambda$invoke$0(InterceptingExecutableInvoker.java:93)\n\tat org.junit.jupiter.engine.execution.InvocationInterceptorChain$InterceptedInvocation.proceed(InvocationInterceptorChain.java:106)\n\tat org.junit.jupiter.engine.execution.InvocationInterceptorChain.proceed(InvocationInterceptorChain.java:64)\n\tat org.junit.jupiter.engine.execution.InvocationInterceptorChain.chainAndInvoke(InvocationInterceptorChain.java:45)\n\tat org.junit.jupiter.engine.execution.InvocationInterceptorChain.invoke(InvocationInterceptorChain.java:37)\n\tat org.junit.jupiter.engine.execution.InterceptingExecutableInvoker.invoke(InterceptingExecutableInvoker.java:92)\n\tat org.junit.jupiter.engine.execution.InterceptingExecutableInvoker.invoke(InterceptingExecutableInvoker.java:86)\n\tat org.junit.jupiter.engine.descriptor.TestMethodTestDescriptor.lambda$invokeTestMethod$7(TestMethodTestDescriptor.java:218)\n\tat org.junit.platform.engine.support.hierarchical.ThrowableCollector.execute(ThrowableCollector.java:73)\n\tat org.junit.jupiter.engine.descriptor.TestMethodTestDescriptor.invokeTestMethod(TestMethodTestDescriptor.java:214)\n\tat org.junit.jupiter.engine.descriptor.TestMethodTestDescriptor.execute(TestMethodTestDescriptor.java:139)\n\tat org.junit.jupiter.engine.descriptor.TestMethodTestDescriptor.execute(TestMethodTestDescriptor.java:69)\n\tat org.junit.platform.engine.support.hierarchical.NodeTestTask.lambda$executeRecursively$6(NodeTestTask.java:151)\n\tat org.junit.platform.engine.support.hierarchical.ThrowableCollector.execute(ThrowableCollector.java:73)\n\tat org.junit.platform.engine.support.hierarchical.NodeTestTask.lambda$executeRecursively$8(NodeTestTask.java:141)\n\tat org.junit.platform.engine.support.hierarchical.Node.around(Node.java:137)\n\tat org.junit.platform.engine.support.hierarchical.NodeTestTask.lambda$executeRecursively$9(NodeTestTask.java:139)\n\tat org.junit.platform.engine.support.hierarchical.ThrowableCollector.execute(ThrowableCollector.java:73)\n\tat org.junit.platform.engine.support.hierarchical.NodeTestTask.executeRecursively(NodeTestTask.java:138)\n\tat org.junit.platform.engine.support.hierarchical.NodeTestTask.execute(NodeTestTask.java:95)\n\tat java.base/java.util.ArrayList.forEach(ArrayList.java:1511)\n\tat org.junit.platform.engine.support.hierarchical.SameThreadHierarchicalTestExecutorService.invokeAll(SameThreadHierarchicalTestExecutorService.java:41)\n\tat org.junit.platform.engine.support.hierarchical.NodeTestTask.lambda$executeRecursively$6(NodeTestTask.java:155)\n\tat org.junit.platform.engine.support.hierarchical.ThrowableCollector.execute(ThrowableCollector.java:73)\n\tat org.junit.platform.engine.support.hierarchical.NodeTestTask.lambda$executeRecursively$8(NodeTestTask.java:141)\n\tat org.junit.platform.engine.support.hierarchical.Node.around(Node.java:137)\n\tat org.junit.platform.engine.support.hierarchical.NodeTestTask.lambda$executeRecursively$9(NodeTestTask.java:139)\n\tat org.junit.platform.engine.support.hierarchical.ThrowableCollector.execute(ThrowableCollector.java:73)\n\tat org.junit.platform.engine.support.hierarchical.NodeTestTask.executeRecursively(NodeTestTask.java:138)\n\tat org.junit.platform.engine.support.hierarchical.NodeTestTask.execute(NodeTestTask.java:95)\n\tat java.base/java.util.ArrayList.forEach(ArrayList.java:1511)\n\tat org.junit.platform.engine.support.hierarchical.SameThreadHierarchicalTestExecutorService.invokeAll(SameThreadHierarchicalTestExecutorService.java:41)\n\tat org.junit.platform.engine.support.hierarchical.NodeTestTask.lambda$executeRecursively$6(NodeTestTask.java:155)\n\tat org.junit.platform.engine.support.hierarchical.ThrowableCollector.execute(ThrowableCollector.java:73)\n\tat org.junit.platform.engine.support.hierarchical.NodeTestTask.lambda$executeRecursively$8(NodeTestTask.java:141)\n\tat org.junit.platform.engine.support.hierarchical.Node.around(Node.java:137)\n\tat org.junit.platform.engine.support.hierarchical.NodeTestTask.lambda$executeRecursively$9(NodeTestTask.java:139)\n\tat org.junit.platform.engine.support.hierarchical.ThrowableCollector.execute(ThrowableCollector.java:73)\n\tat org.junit.platform.engine.support.hierarchical.NodeTestTask.executeRecursively(NodeTestTask.java:138)\n\tat org.junit.platform.engine.support.hierarchical.NodeTestTask.execute(NodeTestTask.java:95)\n\tat org.junit.platform.engine.support.hierarchical.SameThreadHierarchicalTestExecutorService.submit(SameThreadHierarchicalTestExecutorService.java:35)\n\tat org.junit.platform.engine.support.hierarchical.HierarchicalTestExecutor.execute(HierarchicalTestExecutor.java:57)\n\tat org.junit.platform.engine.support.hierarchical.HierarchicalTestEngine.execute(HierarchicalTestEngine.java:54)\n\tat org.junit.platform.launcher.core.EngineExecutionOrchestrator.execute(EngineExecutionOrchestrator.java:198)\n\tat org.junit.platform.launcher.core.EngineExecutionOrchestrator.execute(EngineExecutionOrchestrator.java:169)\n\tat org.junit.platform.launcher.core.EngineExecutionOrchestrator.execute(EngineExecutionOrchestrator.java:93)\n\tat org.junit.platform.launcher.core.EngineExecutionOrchestrator.lambda$execute$0(EngineExecutionOrchestrator.java:58)\n\tat org.junit.platform.launcher.core.EngineExecutionOrchestrator.withInterceptedStreams(EngineExecutionOrchestrator.java:141)\n\tat org.junit.platform.launcher.core.EngineExecutionOrchestrator.execute(EngineExecutionOrchestrator.java:57)\n\tat org.junit.platform.launcher.core.DefaultLauncher.execute(DefaultLauncher.java:103)\n\tat org.junit.platform.launcher.core.DefaultLauncher.execute(DefaultLauncher.java:85)\n\tat org.junit.platform.launcher.core.DelegatingLauncher.execute(DelegatingLauncher.java:47)\n\tat org.gradle.api.internal.tasks.testing.junitplatform.JUnitPlatformTestClassProcessor$CollectAllTestClassesExecutor.processAllTestClasses(JUnitPlatformTestClassProcessor.java:119)\n\tat org.gradle.api.internal.tasks.testing.junitplatform.JUnitPlatformTestClassProcessor$CollectAllTestClassesExecutor.access$000(JUnitPlatformTestClassProcessor.java:94)\n\tat org.gradle.api.internal.tasks.testing.junitplatform.JUnitPlatformTestClassProcessor.stop(JUnitPlatformTestClassProcessor.java:89)\n\tat org.gradle.api.internal.tasks.testing.SuiteTestClassProcessor.stop(SuiteTestClassProcessor.java:62)\n\tat java.base/jdk.internal.reflect.NativeMethodAccessorImpl.invoke0(Native Method)\n\tat java.base/jdk.internal.reflect.NativeMethodAccessorImpl.invoke(NativeMethodAccessorImpl.java:77)\n\tat java.base/jdk.internal.reflect.DelegatingMethodAccessorImpl.invoke(DelegatingMethodAccessorImpl.java:43)\n\tat java.base/java.lang.reflect.Method.invoke(Method.java:569)\n\tat org.gradle.internal.dispatch.ReflectionDispatch.dispatch(ReflectionDispatch.java:36)\n\tat org.gradle.internal.dispatch.ReflectionDispatch.dispatch(ReflectionDispatch.java:24)\n\tat org.gradle.internal.dispatch.ContextClassLoaderDispatch.dispatch(ContextClassLoaderDispatch.java:33)\n\tat org.gradle.internal.dispatch.ProxyDispatchAdapter$DispatchingInvocationHandler.invoke(ProxyDispatchAdapter.java:94)\n\tat jdk.proxy1/jdk.proxy1.$Proxy2.stop(Unknown Source)\n\tat org.gradle.api.internal.tasks.testing.worker.TestWorker$3.run(TestWorker.java:193)\n\tat org.gradle.api.internal.tasks.testing.worker.TestWorker.executeAndMaintainThreadName(TestWorker.java:129)\n\tat org.gradle.api.internal.tasks.testing.worker.TestWorker.execute(TestWorker.java:100)\n\tat org.gradle.api.internal.tasks.testing.worker.TestWorker.execute(TestWorker.java:60)\n\tat org.gradle.process.internal.worker.child.ActionExecutionWorker.execute(ActionExecutionWorker.java:56)\n\tat org.gradle.process.internal.worker.child.SystemApplicationClassLoaderWorker.call(SystemApplicationClassLoaderWorker.java:119)\n\tat org.gradle.process.internal.worker.child.SystemApplicationClassLoaderWorker.call(SystemApplicationClassLoaderWorker.java:66)\n\tat worker.org.gradle.process.internal.worker.GradleWorkerMain.run(GradleWorkerMain.java:69)\n\tat worker.org.gradle.process.internal.worker.GradleWorkerMain.main(GradleWorkerMain.java:74)\nCaused by: org.openqa.selenium.TimeoutException: Expected condition failed: waiting for alert to be present (tried for 4 second(s) with 200 milliseconds interval)\nBuild info: version: '4.13.0', revision: 'ba948ece5b*'\nSystem info: os.name: 'Linux', os.arch: 'amd64', os.version: '6.11.0-1015-azure', java.version: '17.0.15'\nDriver info: driver.version: unknown\n\tat org.openqa.selenium.support.ui.FluentWait.timeoutException(FluentWait.java:262)\n\tat org.openqa.selenium.support.ui.FluentWait.until(FluentWait.java:230)\n\tat com.codeborne.selenide.SelenideTargetLocator.alert(SelenideTargetLocator.java:182)\n\t... 92 more\n","steps":[],"attachments":[],"parameters":[],"shouldDisplayMessage":true,"stepsCount":0,"attachmentsCount":0,"hasContent":true,"attachmentStep":false}],"attachments":[],"parameters":[],"shouldDisplayMessage":false,"stepsCount":9,"attachmentsCount":8,"hasContent":true,"attachmentStep":false},"afterStages":[{"name":"shutDown","time":{"start":1751368172267,"stop":1751368172324,"duration":57},"status":"passed","steps":[],"attachments":[],"parameters":[],"shouldDisplayMessage":false,"stepsCount":0,"attachmentsCount":0,"hasContent":false,"attachmentStep":false}],"labels":[{"name":"tag","value":"API_UI"},{"name":"junit.platform.uniqueid","value":"[engine:junit-jupiter]/[class:tests.api_UI.DeleteBookTest]/[method:deleteAllBooksFromUserProfile()]"},{"name":"feature","value":"Удаление книг"},{"name":"epic","value":"Книги в профиле"},{"name":"host","value":"pkrvmbietmlfzoi"},{"name":"thread","value":"3005@pkrvmbietmlfzoi.Test worker(1)"},{"name":"framework","value":"junit-platform"},{"name":"language","value":"java"},{"name":"package","value":"tests.api_UI.DeleteBookTest"},{"name":"testClass","value":"tests.api_UI.DeleteBookTest"},{"name":"testMethod","value":"deleteAllBooksFromUserProfile"},{"name":"suite","value":"tests.api_UI.DeleteBookTest"},{"name":"resultFormat","value":"allure2"}],"parameters":[],"links":[],"hidden":false,"retry":false,"extra":{"severity":"normal","retries":[],"categories":[{"name":"Product defects","matchedStatuses":[],"flaky":false}],"history":{"statistic":{"failed":8,"broken":3,"skipped":0,"passed":7,"unknown":0,"total":18},"items":[{"uid":"4184c4ae6b0647bb","reportUrl":"https://Sentidas.github.io/UI_API_java_demoQA/9//#testresult/4184c4ae6b0647bb","status":"failed","statusDetails":"Alert not found\nScreenshot: file:/home/runner/work/UI_API_java_demoQA/UI_API_java_demoQA/build/reports/tests/1751367928076.0.png\nPage source: file:/home/runner/work/UI_API_java_demoQA/UI_API_java_demoQA/build/reports/tests/1751367928076.0.html\nTimeout: 4 s.\nCaused by: TimeoutException: Expected condition failed: waiting for alert to be present (tried for 4 second(s) with 200 milliseconds interval)","time":{"start":1751367919547,"stop":1751367928285,"duration":8738}},{"uid":"83cfcb40f5187bfc","reportUrl":"https://Sentidas.github.io/UI_API_java_demoQA/9//#testresult/83cfcb40f5187bfc","status":"failed","statusDetails":"Alert not found\nScreenshot: file:/home/runner/work/UI_API_java_demoQA/UI_API_java_demoQA/build/reports/tests/1751367132273.0.png\nPage source: file:/home/runner/work/UI_API_java_demoQA/UI_API_java_demoQA/build/reports/tests/1751367132273.0.html\nTimeout: 4 s.\nCaused by: TimeoutException: Expected condition failed: waiting for alert to be present (tried for 4 second(s) with 200 milliseconds interval)","time":{"start":1751367123291,"stop":1751367132493,"duration":9202}},{"uid":"f2f583d36075075f","reportUrl":"https://Sentidas.github.io/UI_API_java_demoQA/8//#testresult/f2f583d36075075f","status":"passed","time":{"start":1751366201011,"stop":1751366206555,"duration":5544}},{"uid":"da3a57c818ba7ad9","reportUrl":"https://Sentidas.github.io/UI_API_java_demoQA/8//#testresult/da3a57c818ba7ad9","status":"passed","time":{"start":1751365850358,"stop":1751365856938,"duration":6580}},{"uid":"8c8de491ac50bafc","reportUrl":"https://Sentidas.github.io/UI_API_java_demoQA/8//#testresult/8c8de491ac50bafc","status":"broken","statusDetails":"Количество книг должно быть больше нуля","time":{"start":1751365687380,"stop":1751365690608,"duration":3228}},{"uid":"1f04c3cc9a55a4f","reportUrl":"https://Sentidas.github.io/UI_API_java_demoQA/8//#testresult/1f04c3cc9a55a4f","status":"broken","statusDetails":"Количество книг должно быть больше нуля","time":{"start":1751365497560,"stop":1751365500344,"duration":2784}},{"uid":"366fb99846c635c3","reportUrl":"https://Sentidas.github.io/UI_API_java_demoQA/5//#testresult/366fb99846c635c3","status":"failed","statusDetails":"Alert not found\nScreenshot: file:/home/runner/work/UI_API_java_demoQA/UI_API_java_demoQA/build/reports/tests/1751364457226.0.png\nPage source: file:/home/runner/work/UI_API_java_demoQA/UI_API_java_demoQA/build/reports/tests/1751364457226.0.html\nTimeout: 4 s.\nCaused by: TimeoutException: Expected condition failed: waiting for alert to be present (tried for 4 second(s) with 200 milliseconds interval)","time":{"start":1751364448606,"stop":1751364457448,"duration":8842}},{"uid":"6e97a3575c6bdcde","reportUrl":"https://Sentidas.github.io/UI_API_java_demoQA/7//#testresult/6e97a3575c6bdcde","status":"failed","statusDetails":"Alert not found\nScreenshot: file:/home/runner/work/UI_API_java_demoQA/UI_API_java_demoQA/build/reports/tests/1751364211405.0.png\nPage source: file:/home/runner/work/UI_API_java_demoQA/UI_API_java_demoQA/build/reports/tests/1751364211405.0.html\nTimeout: 4 s.\nCaused by: TimeoutException: Expected condition failed: waiting for alert to be present (tried for 4 second(s) with 200 milliseconds interval)","time":{"start":1751364203014,"stop":1751364211610,"duration":8596}},{"uid":"c59d60e2d31173fe","reportUrl":"https://Sentidas.github.io/UI_API_java_demoQA/7//#testresult/c59d60e2d31173fe","status":"broken","statusDetails":"Количество книг должно быть больше нуля","time":{"start":1751362767688,"stop":1751362770083,"duration":2395}},{"uid":"a6e98327cb2e24f0","reportUrl":"https://Sentidas.github.io/UI_API_java_demoQA/7//#testresult/a6e98327cb2e24f0","status":"failed","statusDetails":"Alert not found\nScreenshot: file:/home/runner/work/UI_API_java_demoQA/UI_API_java_demoQA/build/reports/tests/1751362448298.0.png\nPage source: file:/home/runner/work/UI_API_java_demoQA/UI_API_java_demoQA/build/reports/tests/1751362448298.0.html\nTimeout: 4 s.\nCaused by: TimeoutException: Expected condition failed: waiting for alert to be present (tried for 4 second(s) with 200 milliseconds interval)","time":{"start":1751362440008,"stop":1751362448499,"duration":8491}},{"uid":"2ea8a5e814ae3861","reportUrl":"https://Sentidas.github.io/UI_API_java_demoQA/7//#testresult/2ea8a5e814ae3861","status":"passed","time":{"start":1751362260720,"stop":1751362266478,"duration":5758}},{"uid":"bc0578455e2701cd","reportUrl":"https://Sentidas.github.io/UI_API_java_demoQA/7//#testresult/bc0578455e2701cd","status":"failed","statusDetails":"Alert not found\nScreenshot: file:/home/runner/work/UI_API_java_demoQA/UI_API_java_demoQA/build/reports/tests/1751362106602.0.png\nPage source: file:/home/runner/work/UI_API_java_demoQA/UI_API_java_demoQA/build/reports/tests/1751362106602.0.html\nTimeout: 4 s.\nCaused by: TimeoutException: Expected condition failed: waiting for alert to be present (tried for 4 second(s) with 200 milliseconds interval)","time":{"start":1751362098248,"stop":1751362106834,"duration":8586}},{"uid":"c2aa8a84dd3e7c84","reportUrl":"https://Sentidas.github.io/UI_API_java_demoQA/6//#testresult/c2aa8a84dd3e7c84","status":"failed","statusDetails":"1 expectation failed.\nExpected status code <200> but was <502>.\n","time":{"start":1751360987866,"stop":1751360988194,"duration":328}},{"uid":"478d654b0d0292f7","reportUrl":"https://Sentidas.github.io/UI_API_java_demoQA/6//#testresult/478d654b0d0292f7","status":"passed","time":{"start":1751360795354,"stop":1751360800586,"duration":5232}},{"uid":"1f686a4207cd8d69","reportUrl":"https://Sentidas.github.io/UI_API_java_demoQA/6//#testresult/1f686a4207cd8d69","status":"passed","time":{"start":1751360229648,"stop":1751360235545,"duration":5897}},{"uid":"f2ab4fb3ae3446a1","reportUrl":"https://Sentidas.github.io/UI_API_java_demoQA/5//#testresult/f2ab4fb3ae3446a1","status":"passed","time":{"start":1751358552633,"stop":1751358558567,"duration":5934}},{"uid":"7acf6d8e02924c32","reportUrl":"https://Sentidas.github.io/UI_API_java_demoQA/4//#testresult/7acf6d8e02924c32","status":"passed","time":{"start":1751357759905,"stop":1751357765825,"duration":5920}}]},"tags":["API_UI"]},"source":"d0967af36028a673.json","parameterValues":[]}