{"uid":"d0514f4389da0b4e","name":"Удаление одной книги из корзины пользователя","fullName":"tests.api_UI_tests.DeleteBookTest.deleteBook","historyId":"387364778694c19b1393bcd77353b833","time":{"start":1750251008264,"stop":1750251020469,"duration":12205},"description":"","status":"failed","statusMessage":"Element not found {#example-modal-sizes-title-sm}\nExpected: exist\nScreenshot: file:/home/runner/work/UI_API_java_demoQA/UI_API_java_demoQA/build/reports/tests/1750251020290.1.png\nPage source: file:/home/runner/work/UI_API_java_demoQA/UI_API_java_demoQA/build/reports/tests/1750251020290.1.html\nTimeout: 4 s.\nCaused by: NoSuchElementException: no such element: Unable to locate element: {\"method\":\"css selector\",\"selector\":\"#example-modal-sizes-title-sm\"}","statusTrace":"Element not found {#example-modal-sizes-title-sm}\nExpected: exist\nScreenshot: file:/home/runner/work/UI_API_java_demoQA/UI_API_java_demoQA/build/reports/tests/1750251020290.1.png\nPage source: file:/home/runner/work/UI_API_java_demoQA/UI_API_java_demoQA/build/reports/tests/1750251020290.1.html\nTimeout: 4 s.\nCaused by: NoSuchElementException: no such element: Unable to locate element: {\"method\":\"css selector\",\"selector\":\"#example-modal-sizes-title-sm\"}\n\tat com.codeborne.selenide.impl.WebElementSource.createElementNotFoundError(WebElementSource.java:91)\n\tat com.codeborne.selenide.impl.ElementFinder.createElementNotFoundError(ElementFinder.java:142)\n\tat com.codeborne.selenide.impl.WebElementSource.handleError(WebElementSource.java:143)\n\tat com.codeborne.selenide.impl.WebElementSource.checkConditionAndReturnElement(WebElementSource.java:127)\n\tat com.codeborne.selenide.impl.WebElementSource.checkCondition(WebElementSource.java:104)\n\tat com.codeborne.selenide.commands.Should.execute(Should.java:30)\n\tat com.codeborne.selenide.commands.Should.execute(Should.java:14)\n\tat com.codeborne.selenide.commands.Commands.execute(Commands.java:165)\n\tat com.codeborne.selenide.impl.SelenideElementProxy.dispatchAndRetry(SelenideElementProxy.java:132)\n\tat com.codeborne.selenide.impl.SelenideElementProxy.invoke(SelenideElementProxy.java:84)\n\tat jdk.proxy3/jdk.proxy3.$Proxy41.shouldBe(Unknown Source)\n\tat pages.ProfilePage.deleteBooks(ProfilePage.java:56)\n\tat tests.api_UI_tests.DeleteBookTest.deleteBook(DeleteBookTest.java:41)\n\tat java.base/java.lang.reflect.Method.invoke(Method.java:569)\n\tat java.base/java.util.ArrayList.forEach(ArrayList.java:1511)\n\tat java.base/java.util.ArrayList.forEach(ArrayList.java:1511)\nCaused by: org.openqa.selenium.NoSuchElementException: no such element: Unable to locate element: {\"method\":\"css selector\",\"selector\":\"#example-modal-sizes-title-sm\"}\n  (Session info: chrome=128.0.6613.137)\nFor documentation on this error, please visit: https://www.selenium.dev/documentation/webdriver/troubleshooting/errors#no-such-element-exception\nBuild info: version: '4.13.0', revision: 'ba948ece5b*'\nSystem info: os.name: 'Linux', os.arch: 'amd64', os.version: '6.11.0-1015-azure', java.version: '17.0.15'\nDriver info: org.openqa.selenium.remote.RemoteWebDriver\nCommand: [4aad183c48913af772f4770476e67e6b, findElement {using=css selector, value=#example-modal-sizes-title-sm}]\nCapabilities {acceptInsecureCerts: true, browserName: chrome, browserVersion: 128.0.6613.137, chrome: {chromedriverVersion: 128.0.6613.18 (7d504c2c60ba..., userDataDir: /tmp/.org.chromium.Chromium...}, fedcm:accounts: true, goog:chromeOptions: {debuggerAddress: localhost:42509}, networkConnectionEnabled: false, pageLoadStrategy: eager, platformName: linux, proxy: Proxy(), se:cdp: ws://localhost:4444/devtool..., se:cdpVersion: 128.0.6613.137, setWindowRect: true, strictFileInteractability: false, timeouts: {implicit: 0, pageLoad: 300000, script: 30000}, unhandledPromptBehavior: accept, webauthn:extension:credBlob: true, webauthn:extension:largeBlob: true, webauthn:extension:minPinLength: true, webauthn:extension:prf: true, webauthn:virtualAuthenticators: true}\nSession ID: 4aad183c48913af772f4770476e67e6b\n\tat jdk.internal.reflect.GeneratedConstructorAccessor66.newInstance(Unknown Source)\n\tat java.base/jdk.internal.reflect.DelegatingConstructorAccessorImpl.newInstance(DelegatingConstructorAccessorImpl.java:45)\n\tat java.base/java.lang.reflect.Constructor.newInstanceWithCaller(Constructor.java:500)\n\tat java.base/java.lang.reflect.Constructor.newInstance(Constructor.java:481)\n\tat org.openqa.selenium.remote.codec.w3c.W3CHttpResponseCodec.createException(W3CHttpResponseCodec.java:200)\n\tat org.openqa.selenium.remote.codec.w3c.W3CHttpResponseCodec.decode(W3CHttpResponseCodec.java:133)\n\tat org.openqa.selenium.remote.codec.w3c.W3CHttpResponseCodec.decode(W3CHttpResponseCodec.java:52)\n\tat org.openqa.selenium.remote.HttpCommandExecutor.execute(HttpCommandExecutor.java:191)\n\tat org.openqa.selenium.remote.RemoteWebDriver.execute(RemoteWebDriver.java:602)\n\tat org.openqa.selenium.remote.ElementLocation$ElementFinder$2.findElement(ElementLocation.java:165)\n\tat org.openqa.selenium.remote.ElementLocation.findElement(ElementLocation.java:59)\n\tat org.openqa.selenium.remote.RemoteWebDriver.findElement(RemoteWebDriver.java:359)\n\tat org.openqa.selenium.remote.RemoteWebDriver.findElement(RemoteWebDriver.java:353)\n\tat com.codeborne.selenide.impl.WebElementSelector.findElement(WebElementSelector.java:70)\n\tat com.codeborne.selenide.impl.WebElementSelector.findElement(WebElementSelector.java:44)\n\tat com.codeborne.selenide.impl.WebElementSelector.findElement(WebElementSelector.java:33)\n\tat com.codeborne.selenide.impl.ElementFinder.getWebElement(ElementFinder.java:122)\n\tat com.codeborne.selenide.impl.WebElementSource.checkConditionAndReturnElement(WebElementSource.java:116)\n\t... 12 more\n","flaky":false,"newFailed":false,"newBroken":false,"newPassed":false,"retriesCount":0,"retriesStatusChange":false,"beforeStages":[{"name":"setup","time":{"start":1750251001046,"stop":1750251001046,"duration":0},"status":"passed","steps":[],"attachments":[],"parameters":[],"shouldDisplayMessage":false,"stepsCount":0,"attachmentsCount":0,"hasContent":false,"attachmentStep":false}],"testStage":{"description":"","status":"failed","statusMessage":"Element not found {#example-modal-sizes-title-sm}\nExpected: exist\nScreenshot: file:/home/runner/work/UI_API_java_demoQA/UI_API_java_demoQA/build/reports/tests/1750251020290.1.png\nPage source: file:/home/runner/work/UI_API_java_demoQA/UI_API_java_demoQA/build/reports/tests/1750251020290.1.html\nTimeout: 4 s.\nCaused by: NoSuchElementException: no such element: Unable to locate element: {\"method\":\"css selector\",\"selector\":\"#example-modal-sizes-title-sm\"}","statusTrace":"Element not found {#example-modal-sizes-title-sm}\nExpected: exist\nScreenshot: file:/home/runner/work/UI_API_java_demoQA/UI_API_java_demoQA/build/reports/tests/1750251020290.1.png\nPage source: file:/home/runner/work/UI_API_java_demoQA/UI_API_java_demoQA/build/reports/tests/1750251020290.1.html\nTimeout: 4 s.\nCaused by: NoSuchElementException: no such element: Unable to locate element: {\"method\":\"css selector\",\"selector\":\"#example-modal-sizes-title-sm\"}\n\tat com.codeborne.selenide.impl.WebElementSource.createElementNotFoundError(WebElementSource.java:91)\n\tat com.codeborne.selenide.impl.ElementFinder.createElementNotFoundError(ElementFinder.java:142)\n\tat com.codeborne.selenide.impl.WebElementSource.handleError(WebElementSource.java:143)\n\tat com.codeborne.selenide.impl.WebElementSource.checkConditionAndReturnElement(WebElementSource.java:127)\n\tat com.codeborne.selenide.impl.WebElementSource.checkCondition(WebElementSource.java:104)\n\tat com.codeborne.selenide.commands.Should.execute(Should.java:30)\n\tat com.codeborne.selenide.commands.Should.execute(Should.java:14)\n\tat com.codeborne.selenide.commands.Commands.execute(Commands.java:165)\n\tat com.codeborne.selenide.impl.SelenideElementProxy.dispatchAndRetry(SelenideElementProxy.java:132)\n\tat com.codeborne.selenide.impl.SelenideElementProxy.invoke(SelenideElementProxy.java:84)\n\tat jdk.proxy3/jdk.proxy3.$Proxy41.shouldBe(Unknown Source)\n\tat pages.ProfilePage.deleteBooks(ProfilePage.java:56)\n\tat tests.api_UI_tests.DeleteBookTest.deleteBook(DeleteBookTest.java:41)\n\tat java.base/java.lang.reflect.Method.invoke(Method.java:569)\n\tat java.base/java.util.ArrayList.forEach(ArrayList.java:1511)\n\tat java.base/java.util.ArrayList.forEach(ArrayList.java:1511)\nCaused by: org.openqa.selenium.NoSuchElementException: no such element: Unable to locate element: {\"method\":\"css selector\",\"selector\":\"#example-modal-sizes-title-sm\"}\n  (Session info: chrome=128.0.6613.137)\nFor documentation on this error, please visit: https://www.selenium.dev/documentation/webdriver/troubleshooting/errors#no-such-element-exception\nBuild info: version: '4.13.0', revision: 'ba948ece5b*'\nSystem info: os.name: 'Linux', os.arch: 'amd64', os.version: '6.11.0-1015-azure', java.version: '17.0.15'\nDriver info: org.openqa.selenium.remote.RemoteWebDriver\nCommand: [4aad183c48913af772f4770476e67e6b, findElement {using=css selector, value=#example-modal-sizes-title-sm}]\nCapabilities {acceptInsecureCerts: true, browserName: chrome, browserVersion: 128.0.6613.137, chrome: {chromedriverVersion: 128.0.6613.18 (7d504c2c60ba..., userDataDir: /tmp/.org.chromium.Chromium...}, fedcm:accounts: true, goog:chromeOptions: {debuggerAddress: localhost:42509}, networkConnectionEnabled: false, pageLoadStrategy: eager, platformName: linux, proxy: Proxy(), se:cdp: ws://localhost:4444/devtool..., se:cdpVersion: 128.0.6613.137, setWindowRect: true, strictFileInteractability: false, timeouts: {implicit: 0, pageLoad: 300000, script: 30000}, unhandledPromptBehavior: accept, webauthn:extension:credBlob: true, webauthn:extension:largeBlob: true, webauthn:extension:minPinLength: true, webauthn:extension:prf: true, webauthn:virtualAuthenticators: true}\nSession ID: 4aad183c48913af772f4770476e67e6b\n\tat jdk.internal.reflect.GeneratedConstructorAccessor66.newInstance(Unknown Source)\n\tat java.base/jdk.internal.reflect.DelegatingConstructorAccessorImpl.newInstance(DelegatingConstructorAccessorImpl.java:45)\n\tat java.base/java.lang.reflect.Constructor.newInstanceWithCaller(Constructor.java:500)\n\tat java.base/java.lang.reflect.Constructor.newInstance(Constructor.java:481)\n\tat org.openqa.selenium.remote.codec.w3c.W3CHttpResponseCodec.createException(W3CHttpResponseCodec.java:200)\n\tat org.openqa.selenium.remote.codec.w3c.W3CHttpResponseCodec.decode(W3CHttpResponseCodec.java:133)\n\tat org.openqa.selenium.remote.codec.w3c.W3CHttpResponseCodec.decode(W3CHttpResponseCodec.java:52)\n\tat org.openqa.selenium.remote.HttpCommandExecutor.execute(HttpCommandExecutor.java:191)\n\tat org.openqa.selenium.remote.RemoteWebDriver.execute(RemoteWebDriver.java:602)\n\tat org.openqa.selenium.remote.ElementLocation$ElementFinder$2.findElement(ElementLocation.java:165)\n\tat org.openqa.selenium.remote.ElementLocation.findElement(ElementLocation.java:59)\n\tat org.openqa.selenium.remote.RemoteWebDriver.findElement(RemoteWebDriver.java:359)\n\tat org.openqa.selenium.remote.RemoteWebDriver.findElement(RemoteWebDriver.java:353)\n\tat com.codeborne.selenide.impl.WebElementSelector.findElement(WebElementSelector.java:70)\n\tat com.codeborne.selenide.impl.WebElementSelector.findElement(WebElementSelector.java:44)\n\tat com.codeborne.selenide.impl.WebElementSelector.findElement(WebElementSelector.java:33)\n\tat com.codeborne.selenide.impl.ElementFinder.getWebElement(ElementFinder.java:122)\n\tat com.codeborne.selenide.impl.WebElementSource.checkConditionAndReturnElement(WebElementSource.java:116)\n\t... 12 more\n","steps":[{"name":"Авторизация через API","time":{"start":1750251008264,"stop":1750251008921,"duration":657},"status":"passed","steps":[],"attachments":[{"uid":"fa706251c6b77592","name":"Request","source":"fa706251c6b77592.html","type":"text/html","size":1860},{"uid":"dc22bc8d7dec82f3","name":"HTTP/1.1 200 OK","source":"dc22bc8d7dec82f3.html","type":"text/html","size":2563}],"parameters":[],"shouldDisplayMessage":false,"stepsCount":0,"attachmentsCount":2,"hasContent":true,"attachmentStep":false},{"name":"Установить авторизационные куки в браузер","time":{"start":1750251008921,"stop":1750251011353,"duration":2432},"status":"passed","steps":[],"attachments":[],"parameters":[{"name":"session","value":"UserSession[userId=862cbbea-c3e8-4a39-be64-3b053aedeef2, username=test123456, password=Test123456@, token=eyJhbGciOiJIUzI1NiIsInR5cCI6IkpXVCJ9.eyJ1c2VyTmFtZSI6InRlc3QxMjM0NTYiLCJwYXNzd29yZCI6IlRlc3QxMjM0NTZAIiwiaWF0IjoxNzUwMjQ5NjcxfQ.dgi6WmQLmLI9LNhObkmaIDh0DxvWjxI1fr1gzH1lYB4, expires=2025-06-25T12:27:51.000Z, created_date=2023-10-08T17:09:26.000Z, isActive=false]"}],"shouldDisplayMessage":false,"stepsCount":0,"attachmentsCount":0,"hasContent":true,"attachmentStep":false},{"name":"Добавление случайных книг для подготовки теста","time":{"start":1750251011353,"stop":1750251012995,"duration":1642},"status":"passed","steps":[{"name":"Получение списка книг","time":{"start":1750251011353,"stop":1750251011847,"duration":494},"status":"passed","steps":[],"attachments":[{"uid":"69433c2abef443f7","name":"Request","source":"69433c2abef443f7.html","type":"text/html","size":1658},{"uid":"6e2050e7cbd06560","name":"HTTP/1.1 200 OK","source":"6e2050e7cbd06560.html","type":"text/html","size":7824}],"parameters":[],"shouldDisplayMessage":false,"stepsCount":0,"attachmentsCount":2,"hasContent":true,"attachmentStep":false},{"name":"Добавление 3 уникальных книг в профиль","time":{"start":1750251011883,"stop":1750251012995,"duration":1112},"status":"passed","steps":[{"name":"Получение списка книг","time":{"start":1750251011883,"stop":1750251012369,"duration":486},"status":"passed","steps":[],"attachments":[{"uid":"750976ceb674f140","name":"Request","source":"750976ceb674f140.html","type":"text/html","size":1658},{"uid":"a68d3e5a356da387","name":"HTTP/1.1 200 OK","source":"a68d3e5a356da387.html","type":"text/html","size":7824}],"parameters":[],"shouldDisplayMessage":false,"stepsCount":0,"attachmentsCount":2,"hasContent":true,"attachmentStep":false}],"attachments":[{"uid":"b7a0d4f11dd786d2","name":"Request","source":"b7a0d4f11dd786d2.html","type":"text/html","size":2735},{"uid":"192699ca41839b85","name":"HTTP/1.1 201 Created","source":"192699ca41839b85.html","type":"text/html","size":2336}],"parameters":[{"name":"count","value":"3"}],"shouldDisplayMessage":false,"stepsCount":1,"attachmentsCount":4,"hasContent":true,"attachmentStep":false}],"attachments":[],"parameters":[{"name":"count","value":"3"}],"shouldDisplayMessage":false,"stepsCount":3,"attachmentsCount":6,"hasContent":true,"attachmentStep":false},{"name":"Открытие страницы профиля пользователя","time":{"start":1750251012996,"stop":1750251013416,"duration":420},"status":"passed","steps":[],"attachments":[],"parameters":[],"shouldDisplayMessage":false,"stepsCount":0,"attachmentsCount":0,"hasContent":false,"attachmentStep":false},{"name":"Удаление книги","time":{"start":1750251013416,"stop":1750251020393,"duration":6977},"status":"failed","statusMessage":"Element not found {#example-modal-sizes-title-sm}\nExpected: exist\nScreenshot: file:/home/runner/work/UI_API_java_demoQA/UI_API_java_demoQA/build/reports/tests/1750251020290.1.png\nPage source: file:/home/runner/work/UI_API_java_demoQA/UI_API_java_demoQA/build/reports/tests/1750251020290.1.html\nTimeout: 4 s.\nCaused by: NoSuchElementException: no such element: Unable to locate element: {\"method\":\"css selector\",\"selector\":\"#example-modal-sizes-title-sm\"}","statusTrace":"Element not found {#example-modal-sizes-title-sm}\nExpected: exist\nScreenshot: file:/home/runner/work/UI_API_java_demoQA/UI_API_java_demoQA/build/reports/tests/1750251020290.1.png\nPage source: file:/home/runner/work/UI_API_java_demoQA/UI_API_java_demoQA/build/reports/tests/1750251020290.1.html\nTimeout: 4 s.\nCaused by: NoSuchElementException: no such element: Unable to locate element: {\"method\":\"css selector\",\"selector\":\"#example-modal-sizes-title-sm\"}\n\tat com.codeborne.selenide.impl.WebElementSource.createElementNotFoundError(WebElementSource.java:91)\n\tat com.codeborne.selenide.impl.ElementFinder.createElementNotFoundError(ElementFinder.java:142)\n\tat com.codeborne.selenide.impl.WebElementSource.handleError(WebElementSource.java:143)\n\tat com.codeborne.selenide.impl.WebElementSource.checkConditionAndReturnElement(WebElementSource.java:127)\n\tat com.codeborne.selenide.impl.WebElementSource.checkCondition(WebElementSource.java:104)\n\tat com.codeborne.selenide.commands.Should.execute(Should.java:30)\n\tat com.codeborne.selenide.commands.Should.execute(Should.java:14)\n\tat com.codeborne.selenide.commands.Commands.execute(Commands.java:165)\n\tat com.codeborne.selenide.impl.SelenideElementProxy.dispatchAndRetry(SelenideElementProxy.java:132)\n\tat com.codeborne.selenide.impl.SelenideElementProxy.invoke(SelenideElementProxy.java:84)\n\tat jdk.proxy3/jdk.proxy3.$Proxy41.shouldBe(Unknown Source)\n\tat pages.ProfilePage.deleteBooks(ProfilePage.java:56)\n\tat tests.api_UI_tests.DeleteBookTest.deleteBook(DeleteBookTest.java:41)\n\tat java.base/jdk.internal.reflect.NativeMethodAccessorImpl.invoke0(Native Method)\n\tat java.base/jdk.internal.reflect.NativeMethodAccessorImpl.invoke(NativeMethodAccessorImpl.java:77)\n\tat java.base/jdk.internal.reflect.DelegatingMethodAccessorImpl.invoke(DelegatingMethodAccessorImpl.java:43)\n\tat java.base/java.lang.reflect.Method.invoke(Method.java:569)\n\tat org.junit.platform.commons.util.ReflectionUtils.invokeMethod(ReflectionUtils.java:728)\n\tat org.junit.jupiter.engine.execution.MethodInvocation.proceed(MethodInvocation.java:60)\n\tat org.junit.jupiter.engine.execution.InvocationInterceptorChain$ValidatingInvocation.proceed(InvocationInterceptorChain.java:131)\n\tat org.junit.jupiter.api.extension.InvocationInterceptor.interceptTestMethod(InvocationInterceptor.java:119)\n\tat org.junit.jupiter.engine.execution.InterceptingExecutableInvoker$ReflectiveInterceptorCall.lambda$ofVoidMethod$0(InterceptingExecutableInvoker.java:103)\n\tat org.junit.jupiter.engine.execution.InterceptingExecutableInvoker.lambda$invoke$0(InterceptingExecutableInvoker.java:93)\n\tat org.junit.jupiter.engine.execution.InvocationInterceptorChain$InterceptedInvocation.proceed(InvocationInterceptorChain.java:106)\n\tat org.junit.jupiter.engine.extension.TimeoutExtension.intercept(TimeoutExtension.java:156)\n\tat org.junit.jupiter.engine.extension.TimeoutExtension.interceptTestableMethod(TimeoutExtension.java:147)\n\tat org.junit.jupiter.engine.extension.TimeoutExtension.interceptTestMethod(TimeoutExtension.java:86)\n\tat org.junit.jupiter.engine.execution.InterceptingExecutableInvoker$ReflectiveInterceptorCall.lambda$ofVoidMethod$0(InterceptingExecutableInvoker.java:103)\n\tat org.junit.jupiter.engine.execution.InterceptingExecutableInvoker.lambda$invoke$0(InterceptingExecutableInvoker.java:93)\n\tat org.junit.jupiter.engine.execution.InvocationInterceptorChain$InterceptedInvocation.proceed(InvocationInterceptorChain.java:106)\n\tat org.junit.jupiter.engine.execution.InvocationInterceptorChain.proceed(InvocationInterceptorChain.java:64)\n\tat org.junit.jupiter.engine.execution.InvocationInterceptorChain.chainAndInvoke(InvocationInterceptorChain.java:45)\n\tat org.junit.jupiter.engine.execution.InvocationInterceptorChain.invoke(InvocationInterceptorChain.java:37)\n\tat org.junit.jupiter.engine.execution.InterceptingExecutableInvoker.invoke(InterceptingExecutableInvoker.java:92)\n\tat org.junit.jupiter.engine.execution.InterceptingExecutableInvoker.invoke(InterceptingExecutableInvoker.java:86)\n\tat org.junit.jupiter.engine.descriptor.TestMethodTestDescriptor.lambda$invokeTestMethod$7(TestMethodTestDescriptor.java:218)\n\tat org.junit.platform.engine.support.hierarchical.ThrowableCollector.execute(ThrowableCollector.java:73)\n\tat org.junit.jupiter.engine.descriptor.TestMethodTestDescriptor.invokeTestMethod(TestMethodTestDescriptor.java:214)\n\tat org.junit.jupiter.engine.descriptor.TestMethodTestDescriptor.execute(TestMethodTestDescriptor.java:139)\n\tat org.junit.jupiter.engine.descriptor.TestMethodTestDescriptor.execute(TestMethodTestDescriptor.java:69)\n\tat org.junit.platform.engine.support.hierarchical.NodeTestTask.lambda$executeRecursively$6(NodeTestTask.java:151)\n\tat org.junit.platform.engine.support.hierarchical.ThrowableCollector.execute(ThrowableCollector.java:73)\n\tat org.junit.platform.engine.support.hierarchical.NodeTestTask.lambda$executeRecursively$8(NodeTestTask.java:141)\n\tat org.junit.platform.engine.support.hierarchical.Node.around(Node.java:137)\n\tat org.junit.platform.engine.support.hierarchical.NodeTestTask.lambda$executeRecursively$9(NodeTestTask.java:139)\n\tat org.junit.platform.engine.support.hierarchical.ThrowableCollector.execute(ThrowableCollector.java:73)\n\tat org.junit.platform.engine.support.hierarchical.NodeTestTask.executeRecursively(NodeTestTask.java:138)\n\tat org.junit.platform.engine.support.hierarchical.NodeTestTask.execute(NodeTestTask.java:95)\n\tat java.base/java.util.ArrayList.forEach(ArrayList.java:1511)\n\tat org.junit.platform.engine.support.hierarchical.SameThreadHierarchicalTestExecutorService.invokeAll(SameThreadHierarchicalTestExecutorService.java:41)\n\tat org.junit.platform.engine.support.hierarchical.NodeTestTask.lambda$executeRecursively$6(NodeTestTask.java:155)\n\tat org.junit.platform.engine.support.hierarchical.ThrowableCollector.execute(ThrowableCollector.java:73)\n\tat org.junit.platform.engine.support.hierarchical.NodeTestTask.lambda$executeRecursively$8(NodeTestTask.java:141)\n\tat org.junit.platform.engine.support.hierarchical.Node.around(Node.java:137)\n\tat org.junit.platform.engine.support.hierarchical.NodeTestTask.lambda$executeRecursively$9(NodeTestTask.java:139)\n\tat org.junit.platform.engine.support.hierarchical.ThrowableCollector.execute(ThrowableCollector.java:73)\n\tat org.junit.platform.engine.support.hierarchical.NodeTestTask.executeRecursively(NodeTestTask.java:138)\n\tat org.junit.platform.engine.support.hierarchical.NodeTestTask.execute(NodeTestTask.java:95)\n\tat java.base/java.util.ArrayList.forEach(ArrayList.java:1511)\n\tat org.junit.platform.engine.support.hierarchical.SameThreadHierarchicalTestExecutorService.invokeAll(SameThreadHierarchicalTestExecutorService.java:41)\n\tat org.junit.platform.engine.support.hierarchical.NodeTestTask.lambda$executeRecursively$6(NodeTestTask.java:155)\n\tat org.junit.platform.engine.support.hierarchical.ThrowableCollector.execute(ThrowableCollector.java:73)\n\tat org.junit.platform.engine.support.hierarchical.NodeTestTask.lambda$executeRecursively$8(NodeTestTask.java:141)\n\tat org.junit.platform.engine.support.hierarchical.Node.around(Node.java:137)\n\tat org.junit.platform.engine.support.hierarchical.NodeTestTask.lambda$executeRecursively$9(NodeTestTask.java:139)\n\tat org.junit.platform.engine.support.hierarchical.ThrowableCollector.execute(ThrowableCollector.java:73)\n\tat org.junit.platform.engine.support.hierarchical.NodeTestTask.executeRecursively(NodeTestTask.java:138)\n\tat org.junit.platform.engine.support.hierarchical.NodeTestTask.execute(NodeTestTask.java:95)\n\tat org.junit.platform.engine.support.hierarchical.SameThreadHierarchicalTestExecutorService.submit(SameThreadHierarchicalTestExecutorService.java:35)\n\tat org.junit.platform.engine.support.hierarchical.HierarchicalTestExecutor.execute(HierarchicalTestExecutor.java:57)\n\tat org.junit.platform.engine.support.hierarchical.HierarchicalTestEngine.execute(HierarchicalTestEngine.java:54)\n\tat org.junit.platform.launcher.core.EngineExecutionOrchestrator.execute(EngineExecutionOrchestrator.java:198)\n\tat org.junit.platform.launcher.core.EngineExecutionOrchestrator.execute(EngineExecutionOrchestrator.java:169)\n\tat org.junit.platform.launcher.core.EngineExecutionOrchestrator.execute(EngineExecutionOrchestrator.java:93)\n\tat org.junit.platform.launcher.core.EngineExecutionOrchestrator.lambda$execute$0(EngineExecutionOrchestrator.java:58)\n\tat org.junit.platform.launcher.core.EngineExecutionOrchestrator.withInterceptedStreams(EngineExecutionOrchestrator.java:141)\n\tat org.junit.platform.launcher.core.EngineExecutionOrchestrator.execute(EngineExecutionOrchestrator.java:57)\n\tat org.junit.platform.launcher.core.DefaultLauncher.execute(DefaultLauncher.java:103)\n\tat org.junit.platform.launcher.core.DefaultLauncher.execute(DefaultLauncher.java:85)\n\tat org.junit.platform.launcher.core.DelegatingLauncher.execute(DelegatingLauncher.java:47)\n\tat org.gradle.api.internal.tasks.testing.junitplatform.JUnitPlatformTestClassProcessor$CollectAllTestClassesExecutor.processAllTestClasses(JUnitPlatformTestClassProcessor.java:119)\n\tat org.gradle.api.internal.tasks.testing.junitplatform.JUnitPlatformTestClassProcessor$CollectAllTestClassesExecutor.access$000(JUnitPlatformTestClassProcessor.java:94)\n\tat org.gradle.api.internal.tasks.testing.junitplatform.JUnitPlatformTestClassProcessor.stop(JUnitPlatformTestClassProcessor.java:89)\n\tat org.gradle.api.internal.tasks.testing.SuiteTestClassProcessor.stop(SuiteTestClassProcessor.java:62)\n\tat java.base/jdk.internal.reflect.NativeMethodAccessorImpl.invoke0(Native Method)\n\tat java.base/jdk.internal.reflect.NativeMethodAccessorImpl.invoke(NativeMethodAccessorImpl.java:77)\n\tat java.base/jdk.internal.reflect.DelegatingMethodAccessorImpl.invoke(DelegatingMethodAccessorImpl.java:43)\n\tat java.base/java.lang.reflect.Method.invoke(Method.java:569)\n\tat org.gradle.internal.dispatch.ReflectionDispatch.dispatch(ReflectionDispatch.java:36)\n\tat org.gradle.internal.dispatch.ReflectionDispatch.dispatch(ReflectionDispatch.java:24)\n\tat org.gradle.internal.dispatch.ContextClassLoaderDispatch.dispatch(ContextClassLoaderDispatch.java:33)\n\tat org.gradle.internal.dispatch.ProxyDispatchAdapter$DispatchingInvocationHandler.invoke(ProxyDispatchAdapter.java:94)\n\tat jdk.proxy1/jdk.proxy1.$Proxy2.stop(Unknown Source)\n\tat org.gradle.api.internal.tasks.testing.worker.TestWorker$3.run(TestWorker.java:193)\n\tat org.gradle.api.internal.tasks.testing.worker.TestWorker.executeAndMaintainThreadName(TestWorker.java:129)\n\tat org.gradle.api.internal.tasks.testing.worker.TestWorker.execute(TestWorker.java:100)\n\tat org.gradle.api.internal.tasks.testing.worker.TestWorker.execute(TestWorker.java:60)\n\tat org.gradle.process.internal.worker.child.ActionExecutionWorker.execute(ActionExecutionWorker.java:56)\n\tat org.gradle.process.internal.worker.child.SystemApplicationClassLoaderWorker.call(SystemApplicationClassLoaderWorker.java:119)\n\tat org.gradle.process.internal.worker.child.SystemApplicationClassLoaderWorker.call(SystemApplicationClassLoaderWorker.java:66)\n\tat worker.org.gradle.process.internal.worker.GradleWorkerMain.run(GradleWorkerMain.java:69)\n\tat worker.org.gradle.process.internal.worker.GradleWorkerMain.main(GradleWorkerMain.java:74)\nCaused by: org.openqa.selenium.NoSuchElementException: no such element: Unable to locate element: {\"method\":\"css selector\",\"selector\":\"#example-modal-sizes-title-sm\"}\n  (Session info: chrome=128.0.6613.137)\nFor documentation on this error, please visit: https://www.selenium.dev/documentation/webdriver/troubleshooting/errors#no-such-element-exception\nBuild info: version: '4.13.0', revision: 'ba948ece5b*'\nSystem info: os.name: 'Linux', os.arch: 'amd64', os.version: '6.11.0-1015-azure', java.version: '17.0.15'\nDriver info: org.openqa.selenium.remote.RemoteWebDriver\nCommand: [4aad183c48913af772f4770476e67e6b, findElement {using=css selector, value=#example-modal-sizes-title-sm}]\nCapabilities {acceptInsecureCerts: true, browserName: chrome, browserVersion: 128.0.6613.137, chrome: {chromedriverVersion: 128.0.6613.18 (7d504c2c60ba..., userDataDir: /tmp/.org.chromium.Chromium...}, fedcm:accounts: true, goog:chromeOptions: {debuggerAddress: localhost:42509}, networkConnectionEnabled: false, pageLoadStrategy: eager, platformName: linux, proxy: Proxy(), se:cdp: ws://localhost:4444/devtool..., se:cdpVersion: 128.0.6613.137, setWindowRect: true, strictFileInteractability: false, timeouts: {implicit: 0, pageLoad: 300000, script: 30000}, unhandledPromptBehavior: accept, webauthn:extension:credBlob: true, webauthn:extension:largeBlob: true, webauthn:extension:minPinLength: true, webauthn:extension:prf: true, webauthn:virtualAuthenticators: true}\nSession ID: 4aad183c48913af772f4770476e67e6b\n\tat jdk.internal.reflect.GeneratedConstructorAccessor66.newInstance(Unknown Source)\n\tat java.base/jdk.internal.reflect.DelegatingConstructorAccessorImpl.newInstance(DelegatingConstructorAccessorImpl.java:45)\n\tat java.base/java.lang.reflect.Constructor.newInstanceWithCaller(Constructor.java:500)\n\tat java.base/java.lang.reflect.Constructor.newInstance(Constructor.java:481)\n\tat org.openqa.selenium.remote.codec.w3c.W3CHttpResponseCodec.createException(W3CHttpResponseCodec.java:200)\n\tat org.openqa.selenium.remote.codec.w3c.W3CHttpResponseCodec.decode(W3CHttpResponseCodec.java:133)\n\tat org.openqa.selenium.remote.codec.w3c.W3CHttpResponseCodec.decode(W3CHttpResponseCodec.java:52)\n\tat org.openqa.selenium.remote.HttpCommandExecutor.execute(HttpCommandExecutor.java:191)\n\tat org.openqa.selenium.remote.RemoteWebDriver.execute(RemoteWebDriver.java:602)\n\tat org.openqa.selenium.remote.ElementLocation$ElementFinder$2.findElement(ElementLocation.java:165)\n\tat org.openqa.selenium.remote.ElementLocation.findElement(ElementLocation.java:59)\n\tat org.openqa.selenium.remote.RemoteWebDriver.findElement(RemoteWebDriver.java:359)\n\tat org.openqa.selenium.remote.RemoteWebDriver.findElement(RemoteWebDriver.java:353)\n\tat com.codeborne.selenide.impl.WebElementSelector.findElement(WebElementSelector.java:70)\n\tat com.codeborne.selenide.impl.WebElementSelector.findElement(WebElementSelector.java:44)\n\tat com.codeborne.selenide.impl.WebElementSelector.findElement(WebElementSelector.java:33)\n\tat com.codeborne.selenide.impl.ElementFinder.getWebElement(ElementFinder.java:122)\n\tat com.codeborne.selenide.impl.WebElementSource.checkConditionAndReturnElement(WebElementSource.java:116)\n\t... 98 more\n","steps":[],"attachments":[],"parameters":[{"name":"addedBooks","value":"[BookDetailsModel[isbn=9781491950296, title=Programming JavaScript Applications, subTitle=Robust Web Architecture with Node, HTML5, and Modern JS Libraries, author=Eric Elliott, publish_date=2014-07-01T00:00:00.000Z, publisher=O'Reilly Media, pages=254, description=Take advantage of JavaScript's power to build robust web-scale or enterprise applications that are easy to extend and maintain. By applying the design patterns outlined in this practical book, experienced JavaScript developers will learn how to write flex, website=http://chimera.labs.oreilly.com/books/1234000000262/index.html], BookDetailsModel[isbn=9781449337711, title=Designing Evolvable Web APIs with ASP.NET, subTitle=Harnessing the Power of the Web, author=Glenn Block et al., publish_date=2020-06-04T09:12:43.000Z, publisher=O'Reilly Media, pages=238, description=Design and build Web APIs for a broad range of clients—including browsers and mobile devices—that can adapt to change over time. This practical, hands-on guide takes you through the theory and tools you need to build evolvable HTTP services with Microsoft, website=http://chimera.labs.oreilly.com/books/1234000001708/index.html], BookDetailsModel[isbn=9781449325862, title=Git Pocket Guide, subTitle=A Working Introduction, author=Richard E. Silverman, publish_date=2020-06-04T08:48:39.000Z, publisher=O'Reilly Media, pages=234, description=This pocket guide is the perfect on-the-job companion to Git, the distributed version control system. It provides a compact, readable introduction to Git for new users, as well as a reference to common commands and procedures for those of you with Git exp, website=http://chimera.labs.oreilly.com/books/1230000000561/index.html]]"},{"name":"countOfBooksForDelete","value":"3"}],"shouldDisplayMessage":true,"stepsCount":0,"attachmentsCount":0,"hasContent":true,"attachmentStep":false}],"attachments":[],"parameters":[],"shouldDisplayMessage":false,"stepsCount":8,"attachmentsCount":8,"hasContent":true,"attachmentStep":false},"afterStages":[{"name":"shutDown","time":{"start":1750251020393,"stop":1750251020460,"duration":67},"status":"passed","steps":[],"attachments":[],"parameters":[],"shouldDisplayMessage":false,"stepsCount":0,"attachmentsCount":0,"hasContent":false,"attachmentStep":false}],"labels":[{"name":"tag","value":"API_UI"},{"name":"junit.platform.uniqueid","value":"[engine:junit-jupiter]/[class:tests.api_UI_tests.DeleteBookTest]/[method:deleteBook(java.util.List)]"},{"name":"feature","value":"Удаление книг"},{"name":"epic","value":"Книги в корзине"},{"name":"host","value":"pkrvmxyh4eaekms"},{"name":"thread","value":"3014@pkrvmxyh4eaekms.Test worker(1)"},{"name":"framework","value":"junit-platform"},{"name":"language","value":"java"},{"name":"package","value":"tests.api_UI_tests.DeleteBookTest"},{"name":"testClass","value":"tests.api_UI_tests.DeleteBookTest"},{"name":"testMethod","value":"deleteBook"},{"name":"suite","value":"tests.api_UI_tests.DeleteBookTest"},{"name":"resultFormat","value":"allure2"}],"parameters":[],"links":[],"hidden":false,"retry":false,"extra":{"severity":"normal","retries":[],"categories":[{"name":"Product defects","matchedStatuses":[],"flaky":false}],"history":{"statistic":{"failed":6,"broken":3,"skipped":0,"passed":0,"unknown":0,"total":9},"items":[{"uid":"dc5ae8a0e753bf26","reportUrl":"https://Sentidas.github.io/UI_API_java_demoQA/16//#testresult/dc5ae8a0e753bf26","status":"failed","statusDetails":"1 expectation failed.\nExpected status code <200> but was <502>.\n","time":{"start":1750247484515,"stop":1750247484804,"duration":289}},{"uid":"5ce7c9b86ece371","reportUrl":"https://Sentidas.github.io/UI_API_java_demoQA/15//#testresult/5ce7c9b86ece371","status":"failed","statusDetails":"Element not found {#example-modal-sizes-title-sm}\nExpected: exist\nScreenshot: file:/home/runner/work/UI_API_java_demoQA/UI_API_java_demoQA/build/reports/tests/1750247314637.1.png\nPage source: file:/home/runner/work/UI_API_java_demoQA/UI_API_java_demoQA/build/reports/tests/1750247314637.1.html\nTimeout: 8 s.\nCaused by: NoSuchElementException: no such element: Unable to locate element: {\"method\":\"css selector\",\"selector\":\"#example-modal-sizes-title-sm\"}","time":{"start":1750247299861,"stop":1750247314793,"duration":14932}},{"uid":"3ae00c43eef30e4e","reportUrl":"https://Sentidas.github.io/UI_API_java_demoQA/14//#testresult/3ae00c43eef30e4e","status":"failed","statusDetails":"Element not found {#example-modal-sizes-title-sm}\nExpected: exist\nScreenshot: file:/home/runner/work/UI_API_java_demoQA/UI_API_java_demoQA/build/reports/tests/1750245414307.1.png\nPage source: file:/home/runner/work/UI_API_java_demoQA/UI_API_java_demoQA/build/reports/tests/1750245414307.1.html\nTimeout: 8 s.\nCaused by: NoSuchElementException: no such element: Unable to locate element: {\"method\":\"css selector\",\"selector\":\"#example-modal-sizes-title-sm\"}","time":{"start":1750245400061,"stop":1750245414472,"duration":14411}},{"uid":"f39aa189e3e0662a","reportUrl":"https://Sentidas.github.io/UI_API_java_demoQA/13//#testresult/f39aa189e3e0662a","status":"failed","statusDetails":"Invalid element state [.rt-tr-group.findBy(text \"You Don't Know JS\")/#delete-record-undefined]: element click intercepted: Element <span id=\"delete-record-undefined\" data-toggle=\"tooltip\" title=\"Delete\">...</span> is not clickable at point (927, 668). Other element would receive the click: <iframe id=\"google_ads_iframe_/21849154601,22343295815/Ad.Plus-300x250_1\" name=\"google_ads_iframe_/21849154601,22343295815/Ad.Plus-300x250_1\" title=\"3rd party ad content\" width=\"1005\" height=\"124\" scrolling=\"no\" marginwidth=\"0\" marginheight=\"0\" frameborder=\"0\" aria-label=\"Advertisement\" tabindex=\"0\" allow=\"private-state-token-redemption;attribution-reporting\" data-load-complete=\"true\" data-google-container-id=\"7\" style=\"border: 0px; vertical-align: bottom; max-height: 30vh !important; overflow: hidden !important; display: block; margin: 0px auto;\"></iframe>\nScreenshot: file:/home/runner/work/UI_API_java_demoQA/UI_API_java_demoQA/build/reports/tests/1750244836278.0.png\nPage source: file:/home/runner/work/UI_API_java_demoQA/UI_API_java_demoQA/build/reports/tests/1750244836278.0.html\nTimeout: 4 s.\nCaused by: ElementClickInterceptedException: element click intercepted: Element <span id=\"delete-record-undefined\" data-toggle=\"tooltip\" title=\"Delete\">...</span> is not clickable at point (927, 668). Other element would receive the click: <iframe id=\"google_ads_iframe_/21849154601,22343295815/Ad.Plus-300x250_1\" name=\"google_ads_iframe_/21849154601,22343295815/Ad.Plus-300x250_1\" title=\"3rd party ad content\" width=\"1005\" height=\"124\" scrolling=\"no\" marginwidth=\"0\" marginheight=\"0\" frameborder=\"0\" aria-label=\"Advertisement\" tabindex=\"0\" allow=\"private-state-token-redemption;attribution-reporting\" data-load-complete=\"true\" data-google-container-id=\"7\" style=\"border: 0px; vertical-align: bottom; max-height: 30vh !important; overflow: hidden !important; display: block; margin: 0px auto;\"></iframe>","time":{"start":1750244828301,"stop":1750244836548,"duration":8247}},{"uid":"dcf85b1833339af0","reportUrl":"https://Sentidas.github.io/UI_API_java_demoQA/12//#testresult/dcf85b1833339af0","status":"failed","statusDetails":"Element should have text \"No rows found\" {.ReactTable}\nElement: '<div class=\"ReactTable -striped -highlight\">Image\nTitle\nAuthor\nPublisher\nAction\nUnderstanding ECMAScript 6\nNicholas C. Zakas\nNo Starch Press\n                    Previous\nPage of 1\n5 rows\n10 rows\n20 rows\n25 rows\n50 rows\n100 rows\nNext</div>'\nActual value: text=\"Image\nTitle\nAuthor\nPublisher\nAction\nUnderstanding ECMAScript 6\nNicholas C. Zakas\nNo Starch Press\n                    Previous\nPage of 1\n5 rows\n10 rows\n20 rows\n25 rows\n50 rows\n100 rows\nNext\"\nScreenshot: file:/home/runner/work/UI_API_java_demoQA/UI_API_java_demoQA/build/reports/tests/1750244008981.1.png\nPage source: file:/home/runner/work/UI_API_java_demoQA/UI_API_java_demoQA/build/reports/tests/1750244008981.1.html\nTimeout: 4 s.","time":{"start":1750243998585,"stop":1750244009141,"duration":10556}},{"uid":"1a7529d7f683597d","reportUrl":"https://Sentidas.github.io/UI_API_java_demoQA/11//#testresult/1a7529d7f683597d","status":"broken","statusDetails":"Could not start a new session. Response code 500. Message: session not created: probably user data directory is already in use, please specify a unique value for --user-data-dir argument, or don't use --user-data-dir \nHost info: host: 'pkrvmxyh4eaekms', ip: '10.1.0.247'\nBuild info: version: '4.13.0', revision: 'ba948ece5b*'\nSystem info: os.name: 'Linux', os.arch: 'amd64', os.version: '6.11.0-1015-azure', java.version: '17.0.15'\nDriver info: org.openqa.selenium.chrome.ChromeDriver\nCommand: [null, newSession {capabilities=[Capabilities {acceptInsecureCerts: true, browserName: chrome, goog:chromeOptions: {args: [--remote-allow-origins=*, --proxy-bypass-list=<-loopb..., --disable-dev-shm-usage, --window-size=1366,768], binary: /opt/google/chrome/google-c..., excludeSwitches: [enable-automation, load-extension], extensions: [], prefs: {credentials_enable_service: false, download.default_directory: /home/runner/work/UI_API_ja..., plugins.always_open_pdf_externally: true, profile.default_content_setting_values.automatic_downloads: 1, safebrowsing.enabled: true}}, pageLoadStrategy: eager, unhandledPromptBehavior: accept}]}]\nselenide.url: https://demoqa.com/\nselenide.baseUrl: https://demoqa.com","time":{"start":1750243422293,"stop":1750243423025,"duration":732}},{"uid":"fdae6a355e6e357d","reportUrl":"https://Sentidas.github.io/UI_API_java_demoQA/10//#testresult/fdae6a355e6e357d","status":"broken","statusDetails":"Could not start a new session. Response code 500. Message: session not created: probably user data directory is already in use, please specify a unique value for --user-data-dir argument, or don't use --user-data-dir \nHost info: host: 'pkrvmxyh4eaekms', ip: '10.1.0.20'\nBuild info: version: '4.13.0', revision: 'ba948ece5b*'\nSystem info: os.name: 'Linux', os.arch: 'amd64', os.version: '6.11.0-1015-azure', java.version: '17.0.15'\nDriver info: org.openqa.selenium.chrome.ChromeDriver\nCommand: [null, newSession {capabilities=[Capabilities {acceptInsecureCerts: true, browserName: chrome, goog:chromeOptions: {args: [--remote-allow-origins=*, --proxy-bypass-list=<-loopb..., --disable-dev-shm-usage, --window-size=1366,768], binary: /opt/google/chrome/google-c..., excludeSwitches: [enable-automation, load-extension], extensions: [], prefs: {credentials_enable_service: false, download.default_directory: /home/runner/work/UI_API_ja..., plugins.always_open_pdf_externally: true, profile.default_content_setting_values.automatic_downloads: 1, safebrowsing.enabled: true}}, pageLoadStrategy: eager, unhandledPromptBehavior: accept}]}]\nselenide.url: https://demoqa.com/\nselenide.baseUrl: https://demoqa.com","time":{"start":1750243043745,"stop":1750243044759,"duration":1014}},{"uid":"e8ba4e966e3f2b41","reportUrl":"https://Sentidas.github.io/UI_API_java_demoQA/9//#testresult/e8ba4e966e3f2b41","status":"broken","statusDetails":"Could not start a new session. Response code 500. Message: session not created: probably user data directory is already in use, please specify a unique value for --user-data-dir argument, or don't use --user-data-dir \nHost info: host: 'pkrvmxyh4eaekms', ip: '10.1.0.245'\nBuild info: version: '4.13.0', revision: 'ba948ece5b*'\nSystem info: os.name: 'Linux', os.arch: 'amd64', os.version: '6.11.0-1015-azure', java.version: '17.0.15'\nDriver info: org.openqa.selenium.chrome.ChromeDriver\nCommand: [null, newSession {capabilities=[Capabilities {acceptInsecureCerts: true, browserName: chrome, goog:chromeOptions: {args: [--remote-allow-origins=*, --proxy-bypass-list=<-loopb..., --disable-dev-shm-usage, --window-size=1366,768], binary: /opt/google/chrome/google-c..., excludeSwitches: [enable-automation, load-extension], extensions: [], prefs: {credentials_enable_service: false, download.default_directory: /home/runner/work/UI_API_ja..., plugins.always_open_pdf_externally: true, profile.default_content_setting_values.automatic_downloads: 1, safebrowsing.enabled: true}}, pageLoadStrategy: eager, unhandledPromptBehavior: accept}]}]\nselenide.url: https://demoqa.com/\nselenide.baseUrl: https://demoqa.com","time":{"start":1750242516654,"stop":1750242517526,"duration":872}}]},"tags":["API_UI"]},"source":"d0514f4389da0b4e.json","parameterValues":[]}