{"uid":"d0b5d88e03b0405","name":"Добавлены книги: Learning JavaScript Design Patterns, Programming JavaScript Applications, Eloquent JavaScript, Second Edition, Speaking JavaScript","fullName":"tests.api_UI.AddBookTest.addBooks","historyId":"d791dfd4feb4a1a212468163f973fe8f","time":{"start":1750265063871,"stop":1750265076613,"duration":12742},"description":"","status":"failed","statusMessage":"Element not found {.rt-tr-group.findBy(text \"Learning JavaScript Design Patterns\")}\nExpected: text \"Addy Osmani\"\nScreenshot: file:/home/runner/work/UI_API_java_demoQA/UI_API_java_demoQA/build/reports/tests/1750265075806.0.png\nPage source: file:/home/runner/work/UI_API_java_demoQA/UI_API_java_demoQA/build/reports/tests/1750265075806.0.html\nTimeout: 4 s.\nCaused by: NoSuchElementException: Cannot locate an element .rt-tr-group.findBy(text \"Learning JavaScript Design Patterns\")","statusTrace":"Element not found {.rt-tr-group.findBy(text \"Learning JavaScript Design Patterns\")}\nExpected: text \"Addy Osmani\"\nScreenshot: file:/home/runner/work/UI_API_java_demoQA/UI_API_java_demoQA/build/reports/tests/1750265075806.0.png\nPage source: file:/home/runner/work/UI_API_java_demoQA/UI_API_java_demoQA/build/reports/tests/1750265075806.0.html\nTimeout: 4 s.\nCaused by: NoSuchElementException: Cannot locate an element .rt-tr-group.findBy(text \"Learning JavaScript Design Patterns\")\n\tat com.codeborne.selenide.impl.WebElementSource.createElementNotFoundError(WebElementSource.java:91)\n\tat com.codeborne.selenide.impl.WebElementSource.handleError(WebElementSource.java:143)\n\tat com.codeborne.selenide.impl.WebElementSource.checkConditionAndReturnElement(WebElementSource.java:127)\n\tat com.codeborne.selenide.impl.WebElementSource.checkCondition(WebElementSource.java:104)\n\tat com.codeborne.selenide.commands.Should.execute(Should.java:30)\n\tat com.codeborne.selenide.commands.Should.execute(Should.java:14)\n\tat com.codeborne.selenide.commands.Commands.execute(Commands.java:165)\n\tat com.codeborne.selenide.impl.SelenideElementProxy.dispatchAndRetry(SelenideElementProxy.java:132)\n\tat com.codeborne.selenide.impl.SelenideElementProxy.invoke(SelenideElementProxy.java:84)\n\tat jdk.proxy3/jdk.proxy3.$Proxy41.shouldHave(Unknown Source)\n\tat pages.ProfilePage.checkBookWasAddedToProfile(ProfilePage.java:88)\n\tat tests.api_UI.AddBookTest.addBooks(AddBookTest.java:56)\n\tat java.base/java.lang.reflect.Method.invoke(Method.java:569)\n\tat java.base/java.util.ArrayList.forEach(ArrayList.java:1511)\n\tat java.base/java.util.ArrayList.forEach(ArrayList.java:1511)\nCaused by: org.openqa.selenium.NoSuchElementException: Cannot locate an element .rt-tr-group.findBy(text \"Learning JavaScript Design Patterns\")\nFor documentation on this error, please visit: https://www.selenium.dev/documentation/webdriver/troubleshooting/errors#no-such-element-exception\nBuild info: version: '4.13.0', revision: 'ba948ece5b*'\nSystem info: os.name: 'Linux', os.arch: 'amd64', os.version: '6.11.0-1015-azure', java.version: '17.0.15'\nDriver info: driver.version: unknown\n\tat com.codeborne.selenide.impl.CollectionElementByCondition.getWebElement(CollectionElementByCondition.java:55)\n\tat com.codeborne.selenide.impl.WebElementSource.checkConditionAndReturnElement(WebElementSource.java:116)\n\t... 12 more\n","flaky":false,"newFailed":false,"newBroken":false,"newPassed":false,"retriesCount":0,"retriesStatusChange":false,"beforeStages":[{"name":"setup","time":{"start":1750265063249,"stop":1750265063831,"duration":582},"status":"passed","steps":[],"attachments":[],"parameters":[],"shouldDisplayMessage":false,"stepsCount":0,"attachmentsCount":0,"hasContent":false,"attachmentStep":false}],"testStage":{"description":"","status":"failed","statusMessage":"Element not found {.rt-tr-group.findBy(text \"Learning JavaScript Design Patterns\")}\nExpected: text \"Addy Osmani\"\nScreenshot: file:/home/runner/work/UI_API_java_demoQA/UI_API_java_demoQA/build/reports/tests/1750265075806.0.png\nPage source: file:/home/runner/work/UI_API_java_demoQA/UI_API_java_demoQA/build/reports/tests/1750265075806.0.html\nTimeout: 4 s.\nCaused by: NoSuchElementException: Cannot locate an element .rt-tr-group.findBy(text \"Learning JavaScript Design Patterns\")","statusTrace":"Element not found {.rt-tr-group.findBy(text \"Learning JavaScript Design Patterns\")}\nExpected: text \"Addy Osmani\"\nScreenshot: file:/home/runner/work/UI_API_java_demoQA/UI_API_java_demoQA/build/reports/tests/1750265075806.0.png\nPage source: file:/home/runner/work/UI_API_java_demoQA/UI_API_java_demoQA/build/reports/tests/1750265075806.0.html\nTimeout: 4 s.\nCaused by: NoSuchElementException: Cannot locate an element .rt-tr-group.findBy(text \"Learning JavaScript Design Patterns\")\n\tat com.codeborne.selenide.impl.WebElementSource.createElementNotFoundError(WebElementSource.java:91)\n\tat com.codeborne.selenide.impl.WebElementSource.handleError(WebElementSource.java:143)\n\tat com.codeborne.selenide.impl.WebElementSource.checkConditionAndReturnElement(WebElementSource.java:127)\n\tat com.codeborne.selenide.impl.WebElementSource.checkCondition(WebElementSource.java:104)\n\tat com.codeborne.selenide.commands.Should.execute(Should.java:30)\n\tat com.codeborne.selenide.commands.Should.execute(Should.java:14)\n\tat com.codeborne.selenide.commands.Commands.execute(Commands.java:165)\n\tat com.codeborne.selenide.impl.SelenideElementProxy.dispatchAndRetry(SelenideElementProxy.java:132)\n\tat com.codeborne.selenide.impl.SelenideElementProxy.invoke(SelenideElementProxy.java:84)\n\tat jdk.proxy3/jdk.proxy3.$Proxy41.shouldHave(Unknown Source)\n\tat pages.ProfilePage.checkBookWasAddedToProfile(ProfilePage.java:88)\n\tat tests.api_UI.AddBookTest.addBooks(AddBookTest.java:56)\n\tat java.base/java.lang.reflect.Method.invoke(Method.java:569)\n\tat java.base/java.util.ArrayList.forEach(ArrayList.java:1511)\n\tat java.base/java.util.ArrayList.forEach(ArrayList.java:1511)\nCaused by: org.openqa.selenium.NoSuchElementException: Cannot locate an element .rt-tr-group.findBy(text \"Learning JavaScript Design Patterns\")\nFor documentation on this error, please visit: https://www.selenium.dev/documentation/webdriver/troubleshooting/errors#no-such-element-exception\nBuild info: version: '4.13.0', revision: 'ba948ece5b*'\nSystem info: os.name: 'Linux', os.arch: 'amd64', os.version: '6.11.0-1015-azure', java.version: '17.0.15'\nDriver info: driver.version: unknown\n\tat com.codeborne.selenide.impl.CollectionElementByCondition.getWebElement(CollectionElementByCondition.java:55)\n\tat com.codeborne.selenide.impl.WebElementSource.checkConditionAndReturnElement(WebElementSource.java:116)\n\t... 12 more\n","steps":[{"name":"Авторизация через API дефолтным пользователем","time":{"start":1750265063893,"stop":1750265066668,"duration":2775},"status":"passed","steps":[{"name":"Авторизация через API","time":{"start":1750265063895,"stop":1750265066668,"duration":2773},"status":"passed","steps":[],"attachments":[{"uid":"166115740856b943","name":"Request","source":"166115740856b943.html","type":"text/html","size":1860},{"uid":"23373c7b05a53c1","name":"HTTP/1.1 200 OK","source":"23373c7b05a53c1.html","type":"text/html","size":2563}],"parameters":[{"name":"username","value":"test123456"},{"name":"password","value":"Test123456@"}],"shouldDisplayMessage":false,"stepsCount":0,"attachmentsCount":2,"hasContent":true,"attachmentStep":false}],"attachments":[],"parameters":[],"shouldDisplayMessage":false,"stepsCount":1,"attachmentsCount":2,"hasContent":true,"attachmentStep":false},{"name":"Установить авторизационные куки в браузер","time":{"start":1750265066681,"stop":1750265069484,"duration":2803},"status":"passed","steps":[],"attachments":[],"parameters":[{"name":"session","value":"UserSession[userId=862cbbea-c3e8-4a39-be64-3b053aedeef2, username=test123456, password=Test123456@, token=eyJhbGciOiJIUzI1NiIsInR5cCI6IkpXVCJ9.eyJ1c2VyTmFtZSI6InRlc3QxMjM0NTYiLCJwYXNzd29yZCI6IlRlc3QxMjM0NTZAIiwiaWF0IjoxNzUwMjY0NDIwfQ.PrWXTzxctEkudJCHb7fmWaXCl5tyuU5APrcG0LVcSYo, expires=2025-06-25T16:33:40.000Z, created_date=2023-10-08T17:09:26.000Z, isActive=false]"}],"shouldDisplayMessage":false,"stepsCount":0,"attachmentsCount":0,"hasContent":true,"attachmentStep":false},{"name":"Добавление 4 уникальных книг в профиль","time":{"start":1750265069488,"stop":1750265071350,"duration":1862},"status":"passed","steps":[{"name":"Получение списка книг","time":{"start":1750265069488,"stop":1750265069845,"duration":357},"status":"passed","steps":[],"attachments":[{"uid":"aa0fe905a3d0422c","name":"Request","source":"aa0fe905a3d0422c.html","type":"text/html","size":1658},{"uid":"92fc9b9b5354b691","name":"HTTP/1.1 200 OK","source":"92fc9b9b5354b691.html","type":"text/html","size":7824}],"parameters":[],"shouldDisplayMessage":false,"stepsCount":0,"attachmentsCount":2,"hasContent":true,"attachmentStep":false}],"attachments":[{"uid":"574d1dfa6271ccf2","name":"Request","source":"574d1dfa6271ccf2.html","type":"text/html","size":2849},{"uid":"3537f18baf0c2751","name":"HTTP/1.1 201 Created","source":"3537f18baf0c2751.html","type":"text/html","size":2394}],"parameters":[{"name":"count","value":"4"}],"shouldDisplayMessage":false,"stepsCount":1,"attachmentsCount":4,"hasContent":true,"attachmentStep":false},{"name":"Открытие страницы профиля пользователя","time":{"start":1750265071404,"stop":1750265071771,"duration":367},"status":"passed","steps":[],"attachments":[],"parameters":[],"shouldDisplayMessage":false,"stepsCount":0,"attachmentsCount":0,"hasContent":false,"attachmentStep":false},{"name":"Проверка, что книги добавлена","time":{"start":1750265071779,"stop":1750265075958,"duration":4179},"status":"failed","statusMessage":"Element not found {.rt-tr-group.findBy(text \"Learning JavaScript Design Patterns\")}\nExpected: text \"Addy Osmani\"\nScreenshot: file:/home/runner/work/UI_API_java_demoQA/UI_API_java_demoQA/build/reports/tests/1750265075806.0.png\nPage source: file:/home/runner/work/UI_API_java_demoQA/UI_API_java_demoQA/build/reports/tests/1750265075806.0.html\nTimeout: 4 s.\nCaused by: NoSuchElementException: Cannot locate an element .rt-tr-group.findBy(text \"Learning JavaScript Design Patterns\")","statusTrace":"Element not found {.rt-tr-group.findBy(text \"Learning JavaScript Design Patterns\")}\nExpected: text \"Addy Osmani\"\nScreenshot: file:/home/runner/work/UI_API_java_demoQA/UI_API_java_demoQA/build/reports/tests/1750265075806.0.png\nPage source: file:/home/runner/work/UI_API_java_demoQA/UI_API_java_demoQA/build/reports/tests/1750265075806.0.html\nTimeout: 4 s.\nCaused by: NoSuchElementException: Cannot locate an element .rt-tr-group.findBy(text \"Learning JavaScript Design Patterns\")\n\tat com.codeborne.selenide.impl.WebElementSource.createElementNotFoundError(WebElementSource.java:91)\n\tat com.codeborne.selenide.impl.WebElementSource.handleError(WebElementSource.java:143)\n\tat com.codeborne.selenide.impl.WebElementSource.checkConditionAndReturnElement(WebElementSource.java:127)\n\tat com.codeborne.selenide.impl.WebElementSource.checkCondition(WebElementSource.java:104)\n\tat com.codeborne.selenide.commands.Should.execute(Should.java:30)\n\tat com.codeborne.selenide.commands.Should.execute(Should.java:14)\n\tat com.codeborne.selenide.commands.Commands.execute(Commands.java:165)\n\tat com.codeborne.selenide.impl.SelenideElementProxy.dispatchAndRetry(SelenideElementProxy.java:132)\n\tat com.codeborne.selenide.impl.SelenideElementProxy.invoke(SelenideElementProxy.java:84)\n\tat jdk.proxy3/jdk.proxy3.$Proxy41.shouldHave(Unknown Source)\n\tat pages.ProfilePage.checkBookWasAddedToProfile(ProfilePage.java:88)\n\tat tests.api_UI.AddBookTest.addBooks(AddBookTest.java:56)\n\tat java.base/jdk.internal.reflect.NativeMethodAccessorImpl.invoke0(Native Method)\n\tat java.base/jdk.internal.reflect.NativeMethodAccessorImpl.invoke(NativeMethodAccessorImpl.java:77)\n\tat java.base/jdk.internal.reflect.DelegatingMethodAccessorImpl.invoke(DelegatingMethodAccessorImpl.java:43)\n\tat java.base/java.lang.reflect.Method.invoke(Method.java:569)\n\tat org.junit.platform.commons.util.ReflectionUtils.invokeMethod(ReflectionUtils.java:728)\n\tat org.junit.jupiter.engine.execution.MethodInvocation.proceed(MethodInvocation.java:60)\n\tat org.junit.jupiter.engine.execution.InvocationInterceptorChain$ValidatingInvocation.proceed(InvocationInterceptorChain.java:131)\n\tat org.junit.jupiter.api.extension.InvocationInterceptor.interceptTestMethod(InvocationInterceptor.java:119)\n\tat org.junit.jupiter.engine.execution.InterceptingExecutableInvoker$ReflectiveInterceptorCall.lambda$ofVoidMethod$0(InterceptingExecutableInvoker.java:103)\n\tat org.junit.jupiter.engine.execution.InterceptingExecutableInvoker.lambda$invoke$0(InterceptingExecutableInvoker.java:93)\n\tat org.junit.jupiter.engine.execution.InvocationInterceptorChain$InterceptedInvocation.proceed(InvocationInterceptorChain.java:106)\n\tat org.junit.jupiter.engine.extension.TimeoutExtension.intercept(TimeoutExtension.java:156)\n\tat org.junit.jupiter.engine.extension.TimeoutExtension.interceptTestableMethod(TimeoutExtension.java:147)\n\tat org.junit.jupiter.engine.extension.TimeoutExtension.interceptTestMethod(TimeoutExtension.java:86)\n\tat org.junit.jupiter.engine.execution.InterceptingExecutableInvoker$ReflectiveInterceptorCall.lambda$ofVoidMethod$0(InterceptingExecutableInvoker.java:103)\n\tat org.junit.jupiter.engine.execution.InterceptingExecutableInvoker.lambda$invoke$0(InterceptingExecutableInvoker.java:93)\n\tat org.junit.jupiter.engine.execution.InvocationInterceptorChain$InterceptedInvocation.proceed(InvocationInterceptorChain.java:106)\n\tat org.junit.jupiter.engine.execution.InvocationInterceptorChain.proceed(InvocationInterceptorChain.java:64)\n\tat org.junit.jupiter.engine.execution.InvocationInterceptorChain.chainAndInvoke(InvocationInterceptorChain.java:45)\n\tat org.junit.jupiter.engine.execution.InvocationInterceptorChain.invoke(InvocationInterceptorChain.java:37)\n\tat org.junit.jupiter.engine.execution.InterceptingExecutableInvoker.invoke(InterceptingExecutableInvoker.java:92)\n\tat org.junit.jupiter.engine.execution.InterceptingExecutableInvoker.invoke(InterceptingExecutableInvoker.java:86)\n\tat org.junit.jupiter.engine.descriptor.TestMethodTestDescriptor.lambda$invokeTestMethod$7(TestMethodTestDescriptor.java:218)\n\tat org.junit.platform.engine.support.hierarchical.ThrowableCollector.execute(ThrowableCollector.java:73)\n\tat org.junit.jupiter.engine.descriptor.TestMethodTestDescriptor.invokeTestMethod(TestMethodTestDescriptor.java:214)\n\tat org.junit.jupiter.engine.descriptor.TestMethodTestDescriptor.execute(TestMethodTestDescriptor.java:139)\n\tat org.junit.jupiter.engine.descriptor.TestMethodTestDescriptor.execute(TestMethodTestDescriptor.java:69)\n\tat org.junit.platform.engine.support.hierarchical.NodeTestTask.lambda$executeRecursively$6(NodeTestTask.java:151)\n\tat org.junit.platform.engine.support.hierarchical.ThrowableCollector.execute(ThrowableCollector.java:73)\n\tat org.junit.platform.engine.support.hierarchical.NodeTestTask.lambda$executeRecursively$8(NodeTestTask.java:141)\n\tat org.junit.platform.engine.support.hierarchical.Node.around(Node.java:137)\n\tat org.junit.platform.engine.support.hierarchical.NodeTestTask.lambda$executeRecursively$9(NodeTestTask.java:139)\n\tat org.junit.platform.engine.support.hierarchical.ThrowableCollector.execute(ThrowableCollector.java:73)\n\tat org.junit.platform.engine.support.hierarchical.NodeTestTask.executeRecursively(NodeTestTask.java:138)\n\tat org.junit.platform.engine.support.hierarchical.NodeTestTask.execute(NodeTestTask.java:95)\n\tat java.base/java.util.ArrayList.forEach(ArrayList.java:1511)\n\tat org.junit.platform.engine.support.hierarchical.SameThreadHierarchicalTestExecutorService.invokeAll(SameThreadHierarchicalTestExecutorService.java:41)\n\tat org.junit.platform.engine.support.hierarchical.NodeTestTask.lambda$executeRecursively$6(NodeTestTask.java:155)\n\tat org.junit.platform.engine.support.hierarchical.ThrowableCollector.execute(ThrowableCollector.java:73)\n\tat org.junit.platform.engine.support.hierarchical.NodeTestTask.lambda$executeRecursively$8(NodeTestTask.java:141)\n\tat org.junit.platform.engine.support.hierarchical.Node.around(Node.java:137)\n\tat org.junit.platform.engine.support.hierarchical.NodeTestTask.lambda$executeRecursively$9(NodeTestTask.java:139)\n\tat org.junit.platform.engine.support.hierarchical.ThrowableCollector.execute(ThrowableCollector.java:73)\n\tat org.junit.platform.engine.support.hierarchical.NodeTestTask.executeRecursively(NodeTestTask.java:138)\n\tat org.junit.platform.engine.support.hierarchical.NodeTestTask.execute(NodeTestTask.java:95)\n\tat java.base/java.util.ArrayList.forEach(ArrayList.java:1511)\n\tat org.junit.platform.engine.support.hierarchical.SameThreadHierarchicalTestExecutorService.invokeAll(SameThreadHierarchicalTestExecutorService.java:41)\n\tat org.junit.platform.engine.support.hierarchical.NodeTestTask.lambda$executeRecursively$6(NodeTestTask.java:155)\n\tat org.junit.platform.engine.support.hierarchical.ThrowableCollector.execute(ThrowableCollector.java:73)\n\tat org.junit.platform.engine.support.hierarchical.NodeTestTask.lambda$executeRecursively$8(NodeTestTask.java:141)\n\tat org.junit.platform.engine.support.hierarchical.Node.around(Node.java:137)\n\tat org.junit.platform.engine.support.hierarchical.NodeTestTask.lambda$executeRecursively$9(NodeTestTask.java:139)\n\tat org.junit.platform.engine.support.hierarchical.ThrowableCollector.execute(ThrowableCollector.java:73)\n\tat org.junit.platform.engine.support.hierarchical.NodeTestTask.executeRecursively(NodeTestTask.java:138)\n\tat org.junit.platform.engine.support.hierarchical.NodeTestTask.execute(NodeTestTask.java:95)\n\tat org.junit.platform.engine.support.hierarchical.SameThreadHierarchicalTestExecutorService.submit(SameThreadHierarchicalTestExecutorService.java:35)\n\tat org.junit.platform.engine.support.hierarchical.HierarchicalTestExecutor.execute(HierarchicalTestExecutor.java:57)\n\tat org.junit.platform.engine.support.hierarchical.HierarchicalTestEngine.execute(HierarchicalTestEngine.java:54)\n\tat org.junit.platform.launcher.core.EngineExecutionOrchestrator.execute(EngineExecutionOrchestrator.java:198)\n\tat org.junit.platform.launcher.core.EngineExecutionOrchestrator.execute(EngineExecutionOrchestrator.java:169)\n\tat org.junit.platform.launcher.core.EngineExecutionOrchestrator.execute(EngineExecutionOrchestrator.java:93)\n\tat org.junit.platform.launcher.core.EngineExecutionOrchestrator.lambda$execute$0(EngineExecutionOrchestrator.java:58)\n\tat org.junit.platform.launcher.core.EngineExecutionOrchestrator.withInterceptedStreams(EngineExecutionOrchestrator.java:141)\n\tat org.junit.platform.launcher.core.EngineExecutionOrchestrator.execute(EngineExecutionOrchestrator.java:57)\n\tat org.junit.platform.launcher.core.DefaultLauncher.execute(DefaultLauncher.java:103)\n\tat org.junit.platform.launcher.core.DefaultLauncher.execute(DefaultLauncher.java:85)\n\tat org.junit.platform.launcher.core.DelegatingLauncher.execute(DelegatingLauncher.java:47)\n\tat org.gradle.api.internal.tasks.testing.junitplatform.JUnitPlatformTestClassProcessor$CollectAllTestClassesExecutor.processAllTestClasses(JUnitPlatformTestClassProcessor.java:119)\n\tat org.gradle.api.internal.tasks.testing.junitplatform.JUnitPlatformTestClassProcessor$CollectAllTestClassesExecutor.access$000(JUnitPlatformTestClassProcessor.java:94)\n\tat org.gradle.api.internal.tasks.testing.junitplatform.JUnitPlatformTestClassProcessor.stop(JUnitPlatformTestClassProcessor.java:89)\n\tat org.gradle.api.internal.tasks.testing.SuiteTestClassProcessor.stop(SuiteTestClassProcessor.java:62)\n\tat java.base/jdk.internal.reflect.NativeMethodAccessorImpl.invoke0(Native Method)\n\tat java.base/jdk.internal.reflect.NativeMethodAccessorImpl.invoke(NativeMethodAccessorImpl.java:77)\n\tat java.base/jdk.internal.reflect.DelegatingMethodAccessorImpl.invoke(DelegatingMethodAccessorImpl.java:43)\n\tat java.base/java.lang.reflect.Method.invoke(Method.java:569)\n\tat org.gradle.internal.dispatch.ReflectionDispatch.dispatch(ReflectionDispatch.java:36)\n\tat org.gradle.internal.dispatch.ReflectionDispatch.dispatch(ReflectionDispatch.java:24)\n\tat org.gradle.internal.dispatch.ContextClassLoaderDispatch.dispatch(ContextClassLoaderDispatch.java:33)\n\tat org.gradle.internal.dispatch.ProxyDispatchAdapter$DispatchingInvocationHandler.invoke(ProxyDispatchAdapter.java:94)\n\tat jdk.proxy1/jdk.proxy1.$Proxy2.stop(Unknown Source)\n\tat org.gradle.api.internal.tasks.testing.worker.TestWorker$3.run(TestWorker.java:193)\n\tat org.gradle.api.internal.tasks.testing.worker.TestWorker.executeAndMaintainThreadName(TestWorker.java:129)\n\tat org.gradle.api.internal.tasks.testing.worker.TestWorker.execute(TestWorker.java:100)\n\tat org.gradle.api.internal.tasks.testing.worker.TestWorker.execute(TestWorker.java:60)\n\tat org.gradle.process.internal.worker.child.ActionExecutionWorker.execute(ActionExecutionWorker.java:56)\n\tat org.gradle.process.internal.worker.child.SystemApplicationClassLoaderWorker.call(SystemApplicationClassLoaderWorker.java:119)\n\tat org.gradle.process.internal.worker.child.SystemApplicationClassLoaderWorker.call(SystemApplicationClassLoaderWorker.java:66)\n\tat worker.org.gradle.process.internal.worker.GradleWorkerMain.run(GradleWorkerMain.java:69)\n\tat worker.org.gradle.process.internal.worker.GradleWorkerMain.main(GradleWorkerMain.java:74)\nCaused by: org.openqa.selenium.NoSuchElementException: Cannot locate an element .rt-tr-group.findBy(text \"Learning JavaScript Design Patterns\")\nFor documentation on this error, please visit: https://www.selenium.dev/documentation/webdriver/troubleshooting/errors#no-such-element-exception\nBuild info: version: '4.13.0', revision: 'ba948ece5b*'\nSystem info: os.name: 'Linux', os.arch: 'amd64', os.version: '6.11.0-1015-azure', java.version: '17.0.15'\nDriver info: driver.version: unknown\n\tat com.codeborne.selenide.impl.CollectionElementByCondition.getWebElement(CollectionElementByCondition.java:55)\n\tat com.codeborne.selenide.impl.WebElementSource.checkConditionAndReturnElement(WebElementSource.java:116)\n\t... 98 more\n","steps":[],"attachments":[],"parameters":[{"name":"books","value":"[BookDetailsModel[isbn=9781449331818, title=Learning JavaScript Design Patterns, subTitle=A JavaScript and jQuery Developer's Guide, author=Addy Osmani, publish_date=2020-06-04T09:11:40.000Z, publisher=O'Reilly Media, pages=254, description=With Learning JavaScript Design Patterns, you'll learn how to write beautiful, structured, and maintainable JavaScript by applying classical and modern design patterns to the language. If you want to keep your code efficient, more manageable, and up-to-da, website=http://www.addyosmani.com/resources/essentialjsdesignpatterns/book/], BookDetailsModel[isbn=9781491950296, title=Programming JavaScript Applications, subTitle=Robust Web Architecture with Node, HTML5, and Modern JS Libraries, author=Eric Elliott, publish_date=2014-07-01T00:00:00.000Z, publisher=O'Reilly Media, pages=254, description=Take advantage of JavaScript's power to build robust web-scale or enterprise applications that are easy to extend and maintain. By applying the design patterns outlined in this practical book, experienced JavaScript developers will learn how to write flex, website=http://chimera.labs.oreilly.com/books/1234000000262/index.html], BookDetailsModel[isbn=9781593275846, title=Eloquent JavaScript, Second Edition, subTitle=A Modern Introduction to Programming, author=Marijn Haverbeke, publish_date=2014-12-14T00:00:00.000Z, publisher=No Starch Press, pages=472, description=JavaScript lies at the heart of almost every modern web application, from social apps to the newest browser-based games. Though simple for beginners to pick up and play with, JavaScript is a flexible, complex language that you can use to build full-scale , website=http://eloquentjavascript.net/], BookDetailsModel[isbn=9781449365035, title=Speaking JavaScript, subTitle=An In-Depth Guide for Programmers, author=Axel Rauschmayer, publish_date=2014-02-01T00:00:00.000Z, publisher=O'Reilly Media, pages=460, description=Like it or not, JavaScript is everywhere these days-from browser to server to mobile-and now you, too, need to learn the language or dive deeper than you have. This concise book guides you into and through JavaScript, written by a veteran programmer who o, website=http://speakingjs.com/]]"}],"shouldDisplayMessage":true,"stepsCount":0,"attachmentsCount":0,"hasContent":true,"attachmentStep":false},{"name":"Удаление всех книг из профиля","time":{"start":1750265076024,"stop":1750265076601,"duration":577},"status":"passed","steps":[],"attachments":[{"uid":"2a485eccda74acef","name":"Request","source":"2a485eccda74acef.html","type":"text/html","size":2229},{"uid":"4439df295c92ce71","name":"HTTP/1.1 204 No Content","source":"4439df295c92ce71.html","type":"text/html","size":1909}],"parameters":[],"shouldDisplayMessage":false,"stepsCount":0,"attachmentsCount":2,"hasContent":true,"attachmentStep":false}],"attachments":[],"parameters":[],"shouldDisplayMessage":false,"stepsCount":8,"attachmentsCount":8,"hasContent":true,"attachmentStep":false},"afterStages":[{"name":"shutDown","time":{"start":1750265075963,"stop":1750265076023,"duration":60},"status":"passed","steps":[],"attachments":[],"parameters":[],"shouldDisplayMessage":false,"stepsCount":0,"attachmentsCount":0,"hasContent":false,"attachmentStep":false}],"labels":[{"name":"tag","value":"API_UI"},{"name":"tag","value":"regress"},{"name":"junit.platform.uniqueid","value":"[engine:junit-jupiter]/[class:tests.api_UI.AddBookTest]/[method:addBooks(app.models.UserSession)]"},{"name":"feature","value":"Добавление книг"},{"name":"epic","value":"Книги в корзине"},{"name":"host","value":"pkrvmxyh4eaekms"},{"name":"thread","value":"2980@pkrvmxyh4eaekms.Test worker(1)"},{"name":"framework","value":"junit-platform"},{"name":"language","value":"java"},{"name":"package","value":"tests.api_UI.AddBookTest"},{"name":"testClass","value":"tests.api_UI.AddBookTest"},{"name":"testMethod","value":"addBooks"},{"name":"suite","value":"tests.api_UI.AddBookTest"},{"name":"severity","value":"critical"},{"name":"resultFormat","value":"allure2"}],"parameters":[],"links":[{"name":"swagger","type":"custom"}],"hidden":false,"retry":false,"extra":{"severity":"critical","retries":[],"categories":[{"name":"Product defects","matchedStatuses":[],"flaky":false}],"tags":["regress","API_UI"]},"source":"d0b5d88e03b0405.json","parameterValues":[]}